{"/home/travis/build/npmtest/node-npmtest-lout/test.js":{"path":"/home/travis/build/npmtest/node-npmtest-lout/test.js","s":{"1":2,"2":2,"3":2,"4":2,"5":2,"6":2,"7":2,"8":1,"9":2,"10":2,"11":1,"12":1,"13":1,"14":1,"15":2,"16":2,"17":2,"18":2,"19":1,"20":1,"21":2,"22":2,"23":2,"24":1,"25":1,"26":1,"27":1,"28":1,"29":1,"30":1,"31":1,"32":1,"33":1,"34":1,"35":1,"36":1,"37":1,"38":1,"39":2,"40":2,"41":1,"42":2,"43":2,"44":1,"45":2,"46":2,"47":1,"48":2,"49":2,"50":1,"51":1,"52":1,"53":1,"54":1},"b":{"1":[2,1,1,1],"2":[1,1,1,1],"3":[1,1],"4":[1,1],"5":[1,1],"6":[1,1],"7":[1,1],"8":[1,1],"9":[1,1],"10":[1,1,1],"11":[1,1],"12":[1,1],"13":[1,1],"14":[1,1],"15":[1,1],"16":[1,1],"17":[1,1]},"f":{"1":2,"2":2,"3":2,"4":2,"5":2,"6":1,"7":1,"8":1,"9":2,"10":2,"11":2,"12":2,"13":1},"fnMap":{"1":{"name":"(anonymous_1)","line":12,"loc":{"start":{"line":12,"column":1},"end":{"line":12,"column":13}}},"2":{"name":"(anonymous_2)","line":19,"loc":{"start":{"line":19,"column":5},"end":{"line":19,"column":17}}},"3":{"name":"(anonymous_3)","line":23,"loc":{"start":{"line":23,"column":24},"end":{"line":23,"column":36}}},"4":{"name":"(anonymous_4)","line":61,"loc":{"start":{"line":61,"column":5},"end":{"line":61,"column":17}}},"5":{"name":"(anonymous_5)","line":82,"loc":{"start":{"line":82,"column":5},"end":{"line":82,"column":17}}},"6":{"name":"(anonymous_6)","line":91,"loc":{"start":{"line":91,"column":77},"end":{"line":94,"column":10}}},"7":{"name":"(anonymous_7)","line":112,"loc":{"start":{"line":112,"column":83},"end":{"line":115,"column":10}},"skip":true},"8":{"name":"(anonymous_8)","line":123,"loc":{"start":{"line":123,"column":77},"end":{"line":126,"column":10}},"skip":true},"9":{"name":"(anonymous_9)","line":139,"loc":{"start":{"line":139,"column":12},"end":{"line":139,"column":40}},"skip":true},"10":{"name":"(anonymous_10)","line":147,"loc":{"start":{"line":147,"column":77},"end":{"line":150,"column":10}},"skip":true},"11":{"name":"(anonymous_11)","line":158,"loc":{"start":{"line":158,"column":83},"end":{"line":161,"column":10}},"skip":true},"12":{"name":"(anonymous_12)","line":169,"loc":{"start":{"line":169,"column":79},"end":{"line":172,"column":10}},"skip":true},"13":{"name":"(anonymous_13)","line":180,"loc":{"start":{"line":180,"column":75},"end":{"line":183,"column":10}},"skip":true}},"statementMap":{"1":{"start":{"line":12,"column":0},"end":{"line":195,"column":5}},"2":{"start":{"line":14,"column":4},"end":{"line":14,"column":14}},"3":{"start":{"line":19,"column":4},"end":{"line":56,"column":9}},"4":{"start":{"line":21,"column":8},"end":{"line":21,"column":19}},"5":{"start":{"line":23,"column":8},"end":{"line":35,"column":13}},"6":{"start":{"line":24,"column":12},"end":{"line":34,"column":13}},"7":{"start":{"line":25,"column":16},"end":{"line":28,"column":30}},"8":{"start":{"line":30,"column":16},"end":{"line":33,"column":27}},"9":{"start":{"line":37,"column":8},"end":{"line":39,"column":21}},"10":{"start":{"line":40,"column":8},"end":{"line":53,"column":9}},"11":{"start":{"line":43,"column":12},"end":{"line":46,"column":14}},"12":{"start":{"line":47,"column":12},"end":{"line":47,"column":18}},"13":{"start":{"line":50,"column":12},"end":{"line":51,"column":46}},"14":{"start":{"line":52,"column":12},"end":{"line":52,"column":18}},"15":{"start":{"line":55,"column":8},"end":{"line":55,"column":35}},"16":{"start":{"line":61,"column":4},"end":{"line":63,"column":9}},"17":{"start":{"line":62,"column":8},"end":{"line":62,"column":15}},"18":{"start":{"line":64,"column":4},"end":{"line":77,"column":5}},"19":{"start":{"line":70,"column":8},"end":{"line":70,"column":14}},"20":{"start":{"line":76,"column":8},"end":{"line":76,"column":14}},"21":{"start":{"line":82,"column":4},"end":{"line":84,"column":9}},"22":{"start":{"line":83,"column":8},"end":{"line":83,"column":15}},"23":{"start":{"line":85,"column":4},"end":{"line":194,"column":5}},"24":{"start":{"line":91,"column":8},"end":{"line":99,"column":10}},"25":{"start":{"line":98,"column":12},"end":{"line":98,"column":35}},"26":{"start":{"line":102,"column":8},"end":{"line":104,"column":63}},"27":{"start":{"line":105,"column":8},"end":{"line":105,"column":14}},"28":{"start":{"line":112,"column":8},"end":{"line":121,"column":10},"skip":true},"29":{"start":{"line":119,"column":12},"end":{"line":119,"column":55},"skip":true},"30":{"start":{"line":120,"column":12},"end":{"line":120,"column":48},"skip":true},"31":{"start":{"line":123,"column":8},"end":{"line":136,"column":10},"skip":true},"32":{"start":{"line":130,"column":12},"end":{"line":130,"column":76},"skip":true},"33":{"start":{"line":131,"column":12},"end":{"line":131,"column":73},"skip":true},"34":{"start":{"line":132,"column":12},"end":{"line":132,"column":74},"skip":true},"35":{"start":{"line":133,"column":12},"end":{"line":133,"column":79},"skip":true},"36":{"start":{"line":134,"column":12},"end":{"line":134,"column":25},"skip":true},"37":{"start":{"line":135,"column":12},"end":{"line":135,"column":45},"skip":true},"38":{"start":{"line":138,"column":8},"end":{"line":145,"column":14},"skip":true},"39":{"start":{"line":143,"column":16},"end":{"line":143,"column":29},"skip":true},"40":{"start":{"line":144,"column":16},"end":{"line":144,"column":55},"skip":true},"41":{"start":{"line":147,"column":8},"end":{"line":156,"column":10},"skip":true},"42":{"start":{"line":154,"column":12},"end":{"line":154,"column":25},"skip":true},"43":{"start":{"line":155,"column":12},"end":{"line":155,"column":45},"skip":true},"44":{"start":{"line":158,"column":8},"end":{"line":167,"column":10},"skip":true},"45":{"start":{"line":165,"column":12},"end":{"line":165,"column":25},"skip":true},"46":{"start":{"line":166,"column":12},"end":{"line":166,"column":48},"skip":true},"47":{"start":{"line":169,"column":8},"end":{"line":178,"column":10},"skip":true},"48":{"start":{"line":176,"column":12},"end":{"line":176,"column":25},"skip":true},"49":{"start":{"line":177,"column":12},"end":{"line":177,"column":46},"skip":true},"50":{"start":{"line":180,"column":8},"end":{"line":189,"column":10},"skip":true},"51":{"start":{"line":187,"column":12},"end":{"line":187,"column":94},"skip":true},"52":{"start":{"line":188,"column":12},"end":{"line":188,"column":48},"skip":true},"53":{"start":{"line":192,"column":8},"end":{"line":192,"column":35},"skip":true},"54":{"start":{"line":193,"column":8},"end":{"line":193,"column":14},"skip":true}},"branchMap":{"1":{"line":25,"type":"binary-expr","locations":[{"start":{"line":25,"column":23},"end":{"line":25,"column":62}},{"start":{"line":26,"column":20},"end":{"line":26,"column":70}},{"start":{"line":27,"column":20},"end":{"line":27,"column":71}},{"start":{"line":28,"column":20},"end":{"line":28,"column":29}}]},"2":{"line":30,"type":"binary-expr","locations":[{"start":{"line":30,"column":23},"end":{"line":30,"column":37}},{"start":{"line":31,"column":20},"end":{"line":31,"column":61}},{"start":{"line":32,"column":20},"end":{"line":32,"column":70}},{"start":{"line":33,"column":20},"end":{"line":33,"column":26}}]},"3":{"line":37,"type":"cond-expr","locations":[{"start":{"line":38,"column":14},"end":{"line":38,"column":20}},{"start":{"line":39,"column":14},"end":{"line":39,"column":20}}]},"4":{"line":40,"type":"switch","locations":[{"start":{"line":42,"column":8},"end":{"line":47,"column":18}},{"start":{"line":49,"column":8},"end":{"line":52,"column":18}}]},"5":{"line":44,"type":"binary-expr","locations":[{"start":{"line":44,"column":16},"end":{"line":44,"column":44}},{"start":{"line":44,"column":48},"end":{"line":44,"column":66}}]},"6":{"line":50,"type":"binary-expr","locations":[{"start":{"line":50,"column":21},"end":{"line":50,"column":49}},{"start":{"line":50,"column":53},"end":{"line":50,"column":72}}]},"7":{"line":64,"type":"switch","locations":[{"start":{"line":69,"column":4},"end":{"line":70,"column":14}},{"start":{"line":75,"column":4},"end":{"line":76,"column":14}}]},"8":{"line":85,"type":"switch","locations":[{"start":{"line":90,"column":4},"end":{"line":105,"column":14}},{"start":{"line":111,"column":4},"end":{"line":193,"column":14},"skip":true}]},"9":{"line":91,"type":"binary-expr","locations":[{"start":{"line":91,"column":42},"end":{"line":91,"column":73}},{"start":{"line":91,"column":77},"end":{"line":99,"column":9}}]},"10":{"line":102,"type":"binary-expr","locations":[{"start":{"line":102,"column":18},"end":{"line":102,"column":32}},{"start":{"line":103,"column":12},"end":{"line":103,"column":53}},{"start":{"line":104,"column":12},"end":{"line":104,"column":61}}]},"11":{"line":112,"type":"binary-expr","locations":[{"start":{"line":112,"column":45},"end":{"line":112,"column":79},"skip":true},{"start":{"line":112,"column":83},"end":{"line":121,"column":9},"skip":true}]},"12":{"line":123,"type":"binary-expr","locations":[{"start":{"line":123,"column":42},"end":{"line":123,"column":73},"skip":true},{"start":{"line":123,"column":77},"end":{"line":136,"column":9},"skip":true}]},"13":{"line":138,"type":"binary-expr","locations":[{"start":{"line":138,"column":48},"end":{"line":138,"column":85},"skip":true},{"start":{"line":139,"column":12},"end":{"line":145,"column":13},"skip":true}]},"14":{"line":147,"type":"binary-expr","locations":[{"start":{"line":147,"column":42},"end":{"line":147,"column":73},"skip":true},{"start":{"line":147,"column":77},"end":{"line":156,"column":9},"skip":true}]},"15":{"line":158,"type":"binary-expr","locations":[{"start":{"line":158,"column":45},"end":{"line":158,"column":79},"skip":true},{"start":{"line":158,"column":83},"end":{"line":167,"column":9},"skip":true}]},"16":{"line":169,"type":"binary-expr","locations":[{"start":{"line":169,"column":43},"end":{"line":169,"column":75},"skip":true},{"start":{"line":169,"column":79},"end":{"line":178,"column":9},"skip":true}]},"17":{"line":180,"type":"binary-expr","locations":[{"start":{"line":180,"column":41},"end":{"line":180,"column":71},"skip":true},{"start":{"line":180,"column":75},"end":{"line":189,"column":9},"skip":true}]}},"code":["/* istanbul instrument in package npmtest_lout */","/*jslint","    bitwise: true,","    browser: true,","    maxerr: 8,","    maxlen: 96,","    node: true,","    nomen: true,","    regexp: true,","    stupid: true","*/","(function () {","    'use strict';","    var local;","","","","    // run shared js-env code - pre-init","    (function () {","        // init local","        local = {};","        // init modeJs","        local.modeJs = (function () {","            try {","                return typeof navigator.userAgent === 'string' &&","                    typeof document.querySelector('body') === 'object' &&","                    typeof XMLHttpRequest.prototype.open === 'function' &&","                    'browser';","            } catch (errorCaughtBrowser) {","                return module.exports &&","                    typeof process.versions.node === 'string' &&","                    typeof require('http').createServer === 'function' &&","                    'node';","            }","        }());","        // init global","        local.global = local.modeJs === 'browser'","            ? window","            : global;","        switch (local.modeJs) {","        // re-init local from window.local","        case 'browser':","            local = local.global.utility2.objectSetDefault(","                local.global.utility2_rollup || local.global.local,","                local.global.utility2","            );","            break;","        // re-init local from example.js","        case 'node':","            local = (local.global.utility2_rollup || require('utility2'))","                .requireExampleJsFromReadme();","            break;","        }","        // export local","        local.global.local = local;","    }());","","","","    // run shared js-env code - function","    (function () {","        return;","    }());","    switch (local.modeJs) {","","","","    // run browser js-env code - function","    case 'browser':","        break;","","","","    // run node js-env code - function","    case 'node':","        break;","    }","","","","    // run shared js-env code - post-init","    (function () {","        return;","    }());","    switch (local.modeJs) {","","","","    // run browser js-env code - post-init","    case 'browser':","        local.testCase_browser_nullCase = local.testCase_browser_nullCase || function (","            options,","            onError","        ) {","        /*","         * this function will test browsers's null-case handling-behavior-behavior","         */","            onError(null, options);","        };","","        // run tests","        local.nop(local.modeTest &&","            document.querySelector('#testRunButton1') &&","            document.querySelector('#testRunButton1').click());","        break;","","","","    // run node js-env code - post-init","    /* istanbul ignore next */","    case 'node':","        local.testCase_buildApidoc_default = local.testCase_buildApidoc_default || function (","            options,","            onError","        ) {","        /*","         * this function will test buildApidoc's default handling-behavior-behavior","         */","            options = { modulePathList: module.paths };","            local.buildApidoc(options, onError);","        };","","        local.testCase_buildApp_default = local.testCase_buildApp_default || function (","            options,","            onError","        ) {","        /*","         * this function will test buildApp's default handling-behavior-behavior","         */","            local.testCase_buildReadme_default(options, local.onErrorThrow);","            local.testCase_buildLib_default(options, local.onErrorThrow);","            local.testCase_buildTest_default(options, local.onErrorThrow);","            local.testCase_buildCustomOrg_default(options, local.onErrorThrow);","            options = [];","            local.buildApp(options, onError);","        };","","        local.testCase_buildCustomOrg_default = local.testCase_buildCustomOrg_default ||","            function (options, onError) {","            /*","             * this function will test buildCustomOrg's default handling-behavior","             */","                options = {};","                local.buildCustomOrg(options, onError);","            };","","        local.testCase_buildLib_default = local.testCase_buildLib_default || function (","            options,","            onError","        ) {","        /*","         * this function will test buildLib's default handling-behavior","         */","            options = {};","            local.buildLib(options, onError);","        };","","        local.testCase_buildReadme_default = local.testCase_buildReadme_default || function (","            options,","            onError","        ) {","        /*","         * this function will test buildReadme's default handling-behavior-behavior","         */","            options = {};","            local.buildReadme(options, onError);","        };","","        local.testCase_buildTest_default = local.testCase_buildTest_default || function (","            options,","            onError","        ) {","        /*","         * this function will test buildTest's default handling-behavior","         */","            options = {};","            local.buildTest(options, onError);","        };","","        local.testCase_webpage_default = local.testCase_webpage_default || function (","            options,","            onError","        ) {","        /*","         * this function will test webpage's default handling-behavior","         */","            options = { modeCoverageMerge: true, url: local.serverLocalHost + '?modeTest=1' };","            local.browserTest(options, onError);","        };","","        // run test-server","        local.testRunServer(local);","        break;","    }","}());",""],"l":{"12":2,"14":2,"19":2,"21":2,"23":2,"24":2,"25":2,"30":1,"37":2,"40":2,"43":1,"47":1,"50":1,"52":1,"55":2,"61":2,"62":2,"64":2,"70":1,"76":1,"82":2,"83":2,"85":2,"91":1,"98":1,"102":1,"105":1,"112":1,"119":1,"120":1,"123":1,"130":1,"131":1,"132":1,"133":1,"134":1,"135":1,"138":1,"143":2,"144":2,"147":1,"154":2,"155":2,"158":1,"165":2,"166":2,"169":1,"176":2,"177":2,"180":1,"187":1,"188":1,"192":1,"193":1}},"/home/travis/build/npmtest/node-npmtest-lout/lib.npmtest_lout.js":{"path":"/home/travis/build/npmtest/node-npmtest-lout/lib.npmtest_lout.js","s":{"1":2,"2":2,"3":2,"4":2,"5":2,"6":2,"7":2,"8":1,"9":2,"10":2,"11":2,"12":2,"13":1,"14":1,"15":1,"16":1},"b":{"1":[2,1,1,1],"2":[1,1,1,1],"3":[1,1],"4":[2,2],"5":[1,1]},"f":{"1":2,"2":2,"3":2},"fnMap":{"1":{"name":"(anonymous_1)","line":12,"loc":{"start":{"line":12,"column":1},"end":{"line":12,"column":13}}},"2":{"name":"(anonymous_2)","line":19,"loc":{"start":{"line":19,"column":5},"end":{"line":19,"column":17}}},"3":{"name":"(anonymous_3)","line":23,"loc":{"start":{"line":23,"column":24},"end":{"line":23,"column":36}}}},"statementMap":{"1":{"start":{"line":12,"column":0},"end":{"line":53,"column":5}},"2":{"start":{"line":14,"column":4},"end":{"line":14,"column":14}},"3":{"start":{"line":19,"column":4},"end":{"line":52,"column":9}},"4":{"start":{"line":21,"column":8},"end":{"line":21,"column":19}},"5":{"start":{"line":23,"column":8},"end":{"line":35,"column":13}},"6":{"start":{"line":24,"column":12},"end":{"line":34,"column":13}},"7":{"start":{"line":25,"column":16},"end":{"line":28,"column":30}},"8":{"start":{"line":30,"column":16},"end":{"line":33,"column":27}},"9":{"start":{"line":37,"column":8},"end":{"line":39,"column":21}},"10":{"start":{"line":41,"column":8},"end":{"line":41,"column":54}},"11":{"start":{"line":43,"column":8},"end":{"line":43,"column":49}},"12":{"start":{"line":45,"column":8},"end":{"line":51,"column":9}},"13":{"start":{"line":46,"column":12},"end":{"line":46,"column":55}},"14":{"start":{"line":48,"column":12},"end":{"line":48,"column":35}},"15":{"start":{"line":49,"column":12},"end":{"line":49,"column":49}},"16":{"start":{"line":50,"column":12},"end":{"line":50,"column":43}}},"branchMap":{"1":{"line":25,"type":"binary-expr","locations":[{"start":{"line":25,"column":23},"end":{"line":25,"column":62}},{"start":{"line":26,"column":20},"end":{"line":26,"column":70}},{"start":{"line":27,"column":20},"end":{"line":27,"column":71}},{"start":{"line":28,"column":20},"end":{"line":28,"column":29}}]},"2":{"line":30,"type":"binary-expr","locations":[{"start":{"line":30,"column":23},"end":{"line":30,"column":37}},{"start":{"line":31,"column":20},"end":{"line":31,"column":61}},{"start":{"line":32,"column":20},"end":{"line":32,"column":70}},{"start":{"line":33,"column":20},"end":{"line":33,"column":26}}]},"3":{"line":37,"type":"cond-expr","locations":[{"start":{"line":38,"column":14},"end":{"line":38,"column":20}},{"start":{"line":39,"column":14},"end":{"line":39,"column":20}}]},"4":{"line":41,"type":"binary-expr","locations":[{"start":{"line":41,"column":16},"end":{"line":41,"column":44}},{"start":{"line":41,"column":48},"end":{"line":41,"column":53}}]},"5":{"line":45,"type":"if","locations":[{"start":{"line":45,"column":8},"end":{"line":45,"column":8}},{"start":{"line":45,"column":8},"end":{"line":45,"column":8}}]}},"code":["/* istanbul instrument in package npmtest_lout */","/*jslint","    bitwise: true,","    browser: true,","    maxerr: 8,","    maxlen: 96,","    node: true,","    nomen: true,","    regexp: true,","    stupid: true","*/","(function () {","    'use strict';","    var local;","","","","    // run shared js-env code - pre-init","    (function () {","        // init local","        local = {};","        // init modeJs","        local.modeJs = (function () {","            try {","                return typeof navigator.userAgent === 'string' &&","                    typeof document.querySelector('body') === 'object' &&","                    typeof XMLHttpRequest.prototype.open === 'function' &&","                    'browser';","            } catch (errorCaughtBrowser) {","                return module.exports &&","                    typeof process.versions.node === 'string' &&","                    typeof require('http').createServer === 'function' &&","                    'node';","            }","        }());","        // init global","        local.global = local.modeJs === 'browser'","            ? window","            : global;","        // init utility2_rollup","        local = local.global.utility2_rollup || local;","        // init lib","        local.local = local.npmtest_lout = local;","        // init exports","        if (local.modeJs === 'browser') {","            local.global.utility2_npmtest_lout = local;","        } else {","            module.exports = local;","            module.exports.__dirname = __dirname;","            module.exports.module = module;","        }","    }());","}());",""],"l":{"12":2,"14":2,"19":2,"21":2,"23":2,"24":2,"25":2,"30":1,"37":2,"41":2,"43":2,"45":2,"46":1,"48":1,"49":1,"50":1}},"/home/travis/build/npmtest/node-npmtest-lout/example.js":{"path":"/home/travis/build/npmtest/node-npmtest-lout/example.js","s":{"1":2,"2":2,"3":2,"4":2,"5":2,"6":2,"7":2,"8":1,"9":2,"10":2,"11":2,"12":2,"13":1,"14":2,"15":2,"16":2,"17":2,"18":2,"19":0,"20":2,"21":1,"22":1,"23":1,"24":1,"25":1,"26":0,"27":0,"28":1,"29":1,"30":2,"31":0,"32":0,"33":0,"34":1,"35":2,"36":2,"37":3,"38":3,"39":3,"40":3,"41":0,"42":3,"43":3,"44":3,"45":1,"46":3,"47":1,"48":1,"49":1,"50":1,"51":1,"52":1,"53":1,"54":1,"55":1,"56":1,"57":0,"58":1,"59":6,"60":6,"61":1,"62":2,"63":0,"64":2,"65":1,"66":1,"67":0,"68":0,"69":0,"70":0,"71":0,"72":0,"73":0,"74":0,"75":0,"76":0,"77":0,"78":0,"79":0,"80":0,"81":0,"82":0,"83":0},"b":{"1":[2,1,1,1],"2":[1,1,1,1],"3":[1,1],"4":[2,2],"5":[1,1],"6":[1,1],"7":[2,0],"8":[2,1,1,1,1,1],"9":[0,2,0],"10":[1,1],"11":[2,1,1],"12":[1,0],"13":[0,2],"14":[2,0,0,0,0,0,0],"15":[0,3],"16":[3,0],"17":[1,1],"18":[0,1],"19":[1,2,0,2],"20":[1,0],"21":[1,1],"22":[0,0],"23":[0,0],"24":[0,0],"25":[0,0],"26":[0,0],"27":[0,0],"28":[0,0]},"f":{"1":2,"2":2,"3":2,"4":2,"5":2,"6":2,"7":3,"8":3,"9":3,"10":1,"11":6,"12":0},"fnMap":{"1":{"name":"(anonymous_1)","line":26,"loc":{"start":{"line":26,"column":1},"end":{"line":26,"column":13}}},"2":{"name":"(anonymous_2)","line":33,"loc":{"start":{"line":33,"column":5},"end":{"line":33,"column":17}}},"3":{"name":"(anonymous_3)","line":37,"loc":{"start":{"line":37,"column":24},"end":{"line":37,"column":36}}},"4":{"name":"(anonymous_4)","line":69,"loc":{"start":{"line":69,"column":31},"end":{"line":69,"column":48}},"skip":true},"5":{"name":"(anonymous_5)","line":78,"loc":{"start":{"line":78,"column":26},"end":{"line":78,"column":45}},"skip":true},"6":{"name":"(anonymous_6)","line":123,"loc":{"start":{"line":123,"column":33},"end":{"line":123,"column":48}},"skip":true},"7":{"name":"(anonymous_7)","line":125,"loc":{"start":{"line":125,"column":27},"end":{"line":125,"column":39}},"skip":true},"8":{"name":"(anonymous_8)","line":133,"loc":{"start":{"line":133,"column":59},"end":{"line":133,"column":74}},"skip":true},"9":{"name":"(anonymous_9)","line":143,"loc":{"start":{"line":143,"column":45},"end":{"line":143,"column":62}},"skip":true},"10":{"name":"(anonymous_10)","line":144,"loc":{"start":{"line":144,"column":73},"end":{"line":144,"column":92}},"skip":true},"11":{"name":"(anonymous_11)","line":272,"loc":{"start":{"line":272,"column":51},"end":{"line":272,"column":77}},"skip":true},"12":{"name":"(anonymous_12)","line":315,"loc":{"start":{"line":315,"column":32},"end":{"line":315,"column":61}},"skip":true}},"statementMap":{"1":{"start":{"line":26,"column":0},"end":{"line":326,"column":5}},"2":{"start":{"line":28,"column":4},"end":{"line":28,"column":14}},"3":{"start":{"line":33,"column":4},"end":{"line":60,"column":9}},"4":{"start":{"line":35,"column":8},"end":{"line":35,"column":19}},"5":{"start":{"line":37,"column":8},"end":{"line":49,"column":13}},"6":{"start":{"line":38,"column":12},"end":{"line":48,"column":13}},"7":{"start":{"line":39,"column":16},"end":{"line":42,"column":30}},"8":{"start":{"line":44,"column":16},"end":{"line":47,"column":27}},"9":{"start":{"line":51,"column":8},"end":{"line":53,"column":21}},"10":{"start":{"line":55,"column":8},"end":{"line":57,"column":45}},"11":{"start":{"line":59,"column":8},"end":{"line":59,"column":35}},"12":{"start":{"line":61,"column":4},"end":{"line":325,"column":5}},"13":{"start":{"line":69,"column":8},"end":{"line":121,"column":10},"skip":true},"14":{"start":{"line":70,"column":12},"end":{"line":88,"column":13},"skip":true},"15":{"start":{"line":76,"column":16},"end":{"line":87,"column":19},"skip":true},"16":{"start":{"line":79,"column":20},"end":{"line":86,"column":21},"skip":true},"17":{"start":{"line":82,"column":24},"end":{"line":82,"column":43},"skip":true},"18":{"start":{"line":83,"column":24},"end":{"line":83,"column":30},"skip":true},"19":{"start":{"line":85,"column":24},"end":{"line":85,"column":49},"skip":true},"20":{"start":{"line":89,"column":12},"end":{"line":107,"column":13},"skip":true},"21":{"start":{"line":92,"column":16},"end":{"line":102,"column":17},"skip":true},"22":{"start":{"line":93,"column":20},"end":{"line":93,"column":86},"skip":true},"23":{"start":{"line":94,"column":20},"end":{"line":95,"column":45},"skip":true},"24":{"start":{"line":96,"column":20},"end":{"line":96,"column":42},"skip":true},"25":{"start":{"line":97,"column":20},"end":{"line":97,"column":48},"skip":true},"26":{"start":{"line":100,"column":20},"end":{"line":100,"column":85},"skip":true},"27":{"start":{"line":101,"column":20},"end":{"line":101,"column":96},"skip":true},"28":{"start":{"line":103,"column":16},"end":{"line":103,"column":22},"skip":true},"29":{"start":{"line":106,"column":16},"end":{"line":106,"column":22},"skip":true},"30":{"start":{"line":108,"column":12},"end":{"line":120,"column":13},"skip":true},"31":{"start":{"line":114,"column":16},"end":{"line":119,"column":17},"skip":true},"32":{"start":{"line":116,"column":20},"end":{"line":116,"column":78},"skip":true},"33":{"start":{"line":118,"column":20},"end":{"line":118,"column":47},"skip":true},"34":{"start":{"line":123,"column":8},"end":{"line":141,"column":11},"skip":true},"35":{"start":{"line":124,"column":12},"end":{"line":124,"column":54},"skip":true},"36":{"start":{"line":125,"column":12},"end":{"line":140,"column":14},"skip":true},"37":{"start":{"line":126,"column":16},"end":{"line":126,"column":28},"skip":true},"38":{"start":{"line":127,"column":16},"end":{"line":127,"column":69},"skip":true},"39":{"start":{"line":128,"column":16},"end":{"line":128,"column":75},"skip":true},"40":{"start":{"line":129,"column":16},"end":{"line":131,"column":17},"skip":true},"41":{"start":{"line":130,"column":20},"end":{"line":130,"column":27},"skip":true},"42":{"start":{"line":133,"column":16},"end":{"line":137,"column":36},"skip":true},"43":{"start":{"line":134,"column":20},"end":{"line":136,"column":55},"skip":true},"44":{"start":{"line":139,"column":16},"end":{"line":139,"column":57},"skip":true},"45":{"start":{"line":143,"column":8},"end":{"line":147,"column":11},"skip":true},"46":{"start":{"line":144,"column":12},"end":{"line":146,"column":15},"skip":true},"47":{"start":{"line":145,"column":16},"end":{"line":145,"column":70},"skip":true},"48":{"start":{"line":149,"column":8},"end":{"line":149,"column":31},"skip":true},"49":{"start":{"line":150,"column":8},"end":{"line":150,"column":14},"skip":true},"50":{"start":{"line":158,"column":8},"end":{"line":158,"column":31},"skip":true},"51":{"start":{"line":160,"column":8},"end":{"line":160,"column":33},"skip":true},"52":{"start":{"line":161,"column":8},"end":{"line":161,"column":37},"skip":true},"53":{"start":{"line":162,"column":8},"end":{"line":162,"column":35},"skip":true},"54":{"start":{"line":164,"column":8},"end":{"line":164,"column":50},"skip":true},"55":{"start":{"line":166,"column":8},"end":{"line":256,"column":2},"skip":true},"56":{"start":{"line":258,"column":8},"end":{"line":286,"column":9},"skip":true},"57":{"start":{"line":259,"column":12},"end":{"line":269,"column":14},"skip":true},"58":{"start":{"line":271,"column":12},"end":{"line":285,"column":19},"skip":true},"59":{"start":{"line":274,"column":20},"end":{"line":274,"column":35},"skip":true},"60":{"start":{"line":275,"column":20},"end":{"line":284,"column":21},"skip":true},"61":{"start":{"line":277,"column":24},"end":{"line":277,"column":64},"skip":true},"62":{"start":{"line":279,"column":24},"end":{"line":279,"column":40},"skip":true},"63":{"start":{"line":281,"column":24},"end":{"line":281,"column":40},"skip":true},"64":{"start":{"line":283,"column":24},"end":{"line":283,"column":39},"skip":true},"65":{"start":{"line":288,"column":8},"end":{"line":290,"column":9},"skip":true},"66":{"start":{"line":289,"column":12},"end":{"line":289,"column":18},"skip":true},"67":{"start":{"line":291,"column":8},"end":{"line":293,"column":54},"skip":true},"68":{"start":{"line":296,"column":8},"end":{"line":301,"column":37},"skip":true},"69":{"start":{"line":303,"column":8},"end":{"line":303,"column":82},"skip":true},"70":{"start":{"line":306,"column":8},"end":{"line":308,"column":9},"skip":true},"71":{"start":{"line":307,"column":12},"end":{"line":307,"column":82},"skip":true},"72":{"start":{"line":310,"column":8},"end":{"line":312,"column":9},"skip":true},"73":{"start":{"line":311,"column":12},"end":{"line":311,"column":18},"skip":true},"74":{"start":{"line":313,"column":8},"end":{"line":313,"column":54},"skip":true},"75":{"start":{"line":314,"column":8},"end":{"line":314,"column":69},"skip":true},"76":{"start":{"line":315,"column":8},"end":{"line":323,"column":36},"skip":true},"77":{"start":{"line":316,"column":12},"end":{"line":316,"column":61},"skip":true},"78":{"start":{"line":317,"column":12},"end":{"line":320,"column":13},"skip":true},"79":{"start":{"line":318,"column":16},"end":{"line":318,"column":75},"skip":true},"80":{"start":{"line":319,"column":16},"end":{"line":319,"column":23},"skip":true},"81":{"start":{"line":321,"column":12},"end":{"line":321,"column":38},"skip":true},"82":{"start":{"line":322,"column":12},"end":{"line":322,"column":27},"skip":true},"83":{"start":{"line":324,"column":8},"end":{"line":324,"column":14},"skip":true}},"branchMap":{"1":{"line":39,"type":"binary-expr","locations":[{"start":{"line":39,"column":23},"end":{"line":39,"column":62}},{"start":{"line":40,"column":20},"end":{"line":40,"column":70}},{"start":{"line":41,"column":20},"end":{"line":41,"column":71}},{"start":{"line":42,"column":20},"end":{"line":42,"column":29}}]},"2":{"line":44,"type":"binary-expr","locations":[{"start":{"line":44,"column":23},"end":{"line":44,"column":37}},{"start":{"line":45,"column":20},"end":{"line":45,"column":61}},{"start":{"line":46,"column":20},"end":{"line":46,"column":70}},{"start":{"line":47,"column":20},"end":{"line":47,"column":26}}]},"3":{"line":51,"type":"cond-expr","locations":[{"start":{"line":52,"column":14},"end":{"line":52,"column":20}},{"start":{"line":53,"column":14},"end":{"line":53,"column":20}}]},"4":{"line":55,"type":"binary-expr","locations":[{"start":{"line":55,"column":16},"end":{"line":55,"column":44}},{"start":{"line":55,"column":49},"end":{"line":57,"column":43}}]},"5":{"line":55,"type":"cond-expr","locations":[{"start":{"line":56,"column":14},"end":{"line":56,"column":48}},{"start":{"line":57,"column":14},"end":{"line":57,"column":43}}]},"6":{"line":61,"type":"switch","locations":[{"start":{"line":68,"column":4},"end":{"line":150,"column":14},"skip":true},{"start":{"line":156,"column":4},"end":{"line":324,"column":14},"skip":true}]},"7":{"line":70,"type":"if","locations":[{"start":{"line":70,"column":12},"end":{"line":70,"column":12},"skip":true},{"start":{"line":70,"column":12},"end":{"line":70,"column":12},"skip":true}]},"8":{"line":70,"type":"binary-expr","locations":[{"start":{"line":70,"column":16},"end":{"line":70,"column":22},"skip":true},{"start":{"line":70,"column":27},"end":{"line":70,"column":32},"skip":true},{"start":{"line":71,"column":20},"end":{"line":71,"column":39},"skip":true},{"start":{"line":72,"column":20},"end":{"line":72,"column":49},"skip":true},{"start":{"line":73,"column":20},"end":{"line":73,"column":58},"skip":true},{"start":{"line":74,"column":20},"end":{"line":74,"column":69},"skip":true}]},"9":{"line":79,"type":"switch","locations":[{"start":{"line":80,"column":20},"end":{"line":80,"column":33},"skip":true},{"start":{"line":81,"column":20},"end":{"line":83,"column":30},"skip":true},{"start":{"line":84,"column":20},"end":{"line":85,"column":49},"skip":true}]},"10":{"line":89,"type":"switch","locations":[{"start":{"line":90,"column":12},"end":{"line":103,"column":22},"skip":true},{"start":{"line":105,"column":12},"end":{"line":106,"column":22},"skip":true}]},"11":{"line":89,"type":"binary-expr","locations":[{"start":{"line":89,"column":20},"end":{"line":89,"column":25},"skip":true},{"start":{"line":89,"column":29},"end":{"line":89,"column":48},"skip":true},{"start":{"line":89,"column":52},"end":{"line":89,"column":74},"skip":true}]},"12":{"line":92,"type":"if","locations":[{"start":{"line":92,"column":16},"end":{"line":92,"column":16},"skip":true},{"start":{"line":92,"column":16},"end":{"line":92,"column":16},"skip":true}]},"13":{"line":108,"type":"if","locations":[{"start":{"line":108,"column":12},"end":{"line":108,"column":12},"skip":true},{"start":{"line":108,"column":12},"end":{"line":108,"column":12},"skip":true}]},"14":{"line":108,"type":"binary-expr","locations":[{"start":{"line":108,"column":16},"end":{"line":108,"column":61},"skip":true},{"start":{"line":108,"column":66},"end":{"line":108,"column":72},"skip":true},{"start":{"line":108,"column":77},"end":{"line":108,"column":82},"skip":true},{"start":{"line":109,"column":20},"end":{"line":109,"column":39},"skip":true},{"start":{"line":110,"column":20},"end":{"line":110,"column":49},"skip":true},{"start":{"line":111,"column":20},"end":{"line":111,"column":58},"skip":true},{"start":{"line":112,"column":20},"end":{"line":112,"column":68},"skip":true}]},"15":{"line":129,"type":"if","locations":[{"start":{"line":129,"column":16},"end":{"line":129,"column":16},"skip":true},{"start":{"line":129,"column":16},"end":{"line":129,"column":16},"skip":true}]},"16":{"line":134,"type":"cond-expr","locations":[{"start":{"line":135,"column":26},"end":{"line":135,"column":29},"skip":true},{"start":{"line":136,"column":26},"end":{"line":136,"column":54},"skip":true}]},"17":{"line":164,"type":"binary-expr","locations":[{"start":{"line":164,"column":27},"end":{"line":164,"column":43},"skip":true},{"start":{"line":164,"column":47},"end":{"line":164,"column":49},"skip":true}]},"18":{"line":258,"type":"if","locations":[{"start":{"line":258,"column":8},"end":{"line":258,"column":8},"skip":true},{"start":{"line":258,"column":8},"end":{"line":258,"column":8},"skip":true}]},"19":{"line":275,"type":"switch","locations":[{"start":{"line":276,"column":20},"end":{"line":277,"column":64},"skip":true},{"start":{"line":278,"column":20},"end":{"line":279,"column":40},"skip":true},{"start":{"line":280,"column":20},"end":{"line":281,"column":40},"skip":true},{"start":{"line":282,"column":20},"end":{"line":283,"column":39},"skip":true}]},"20":{"line":288,"type":"if","locations":[{"start":{"line":288,"column":8},"end":{"line":288,"column":8},"skip":true},{"start":{"line":288,"column":8},"end":{"line":288,"column":8},"skip":true}]},"21":{"line":288,"type":"binary-expr","locations":[{"start":{"line":288,"column":12},"end":{"line":288,"column":40},"skip":true},{"start":{"line":288,"column":44},"end":{"line":288,"column":67},"skip":true}]},"22":{"line":292,"type":"binary-expr","locations":[{"start":{"line":292,"column":12},"end":{"line":292,"column":50},"skip":true},{"start":{"line":293,"column":12},"end":{"line":293,"column":53},"skip":true}]},"23":{"line":297,"type":"binary-expr","locations":[{"start":{"line":297,"column":12},"end":{"line":297,"column":62},"skip":true},{"start":{"line":298,"column":12},"end":{"line":301,"column":36},"skip":true}]},"24":{"line":303,"type":"binary-expr","locations":[{"start":{"line":303,"column":43},"end":{"line":303,"column":75},"skip":true},{"start":{"line":303,"column":79},"end":{"line":303,"column":81},"skip":true}]},"25":{"line":306,"type":"if","locations":[{"start":{"line":306,"column":8},"end":{"line":306,"column":8},"skip":true},{"start":{"line":306,"column":8},"end":{"line":306,"column":8},"skip":true}]},"26":{"line":310,"type":"if","locations":[{"start":{"line":310,"column":8},"end":{"line":310,"column":8},"skip":true},{"start":{"line":310,"column":8},"end":{"line":310,"column":8},"skip":true}]},"27":{"line":313,"type":"binary-expr","locations":[{"start":{"line":313,"column":27},"end":{"line":313,"column":43},"skip":true},{"start":{"line":313,"column":47},"end":{"line":313,"column":53},"skip":true}]},"28":{"line":317,"type":"if","locations":[{"start":{"line":317,"column":12},"end":{"line":317,"column":12},"skip":true},{"start":{"line":317,"column":12},"end":{"line":317,"column":12},"skip":true}]}},"code":["/*","example.js","","quickstart example","","instruction","    1. save this script as example.js","    2. run the shell command:","        $ npm install npmtest-lout && PORT=8081 node example.js","    3. play with the browser-demo on http://127.0.0.1:8081","*/","","","","/* istanbul instrument in package npmtest_lout */","/*jslint","    bitwise: true,","    browser: true,","    maxerr: 8,","    maxlen: 96,","    node: true,","    nomen: true,","    regexp: true,","    stupid: true","*/","(function () {","    'use strict';","    var local;","","","","    // run shared js-env code - pre-init","    (function () {","        // init local","        local = {};","        // init modeJs","        local.modeJs = (function () {","            try {","                return typeof navigator.userAgent === 'string' &&","                    typeof document.querySelector('body') === 'object' &&","                    typeof XMLHttpRequest.prototype.open === 'function' &&","                    'browser';","            } catch (errorCaughtBrowser) {","                return module.exports &&","                    typeof process.versions.node === 'string' &&","                    typeof require('http').createServer === 'function' &&","                    'node';","            }","        }());","        // init global","        local.global = local.modeJs === 'browser'","            ? window","            : global;","        // init utility2_rollup","        local = local.global.utility2_rollup || (local.modeJs === 'browser'","            ? local.global.utility2_npmtest_lout","            : global.utility2_moduleExports);","        // export local","        local.global.local = local;","    }());","    switch (local.modeJs) {","","","","    // post-init","    // run browser js-env code - post-init","    /* istanbul ignore next */","    case 'browser':","        local.testRunBrowser = function (event) {","            if (!event || (event &&","                    event.currentTarget &&","                    event.currentTarget.className &&","                    event.currentTarget.className.includes &&","                    event.currentTarget.className.includes('onreset'))) {","                // reset output","                Array.from(","                    document.querySelectorAll('body > .resettable')","                ).forEach(function (element) {","                    switch (element.tagName) {","                    case 'INPUT':","                    case 'TEXTAREA':","                        element.value = '';","                        break;","                    default:","                        element.textContent = '';","                    }","                });","            }","            switch (event && event.currentTarget && event.currentTarget.id) {","            case 'testRunButton1':","                // show tests","                if (document.querySelector('#testReportDiv1').style.display === 'none') {","                    document.querySelector('#testReportDiv1').style.display = 'block';","                    document.querySelector('#testRunButton1').textContent =","                        'hide internal test';","                    local.modeTest = true;","                    local.testRunDefault(local);","                // hide tests","                } else {","                    document.querySelector('#testReportDiv1').style.display = 'none';","                    document.querySelector('#testRunButton1').textContent = 'run internal test';","                }","                break;","            // custom-case","            default:","                break;","            }","            if (document.querySelector('#inputTextareaEval1') && (!event || (event &&","                    event.currentTarget &&","                    event.currentTarget.className &&","                    event.currentTarget.className.includes &&","                    event.currentTarget.className.includes('oneval')))) {","                // try to eval input-code","                try {","                    /*jslint evil: true*/","                    eval(document.querySelector('#inputTextareaEval1').value);","                } catch (errorCaught) {","                    console.error(errorCaught);","                }","            }","        };","        // log stderr and stdout to #outputTextareaStdout1","        ['error', 'log'].forEach(function (key) {","            console[key + '_original'] = console[key];","            console[key] = function () {","                var element;","                console[key + '_original'].apply(console, arguments);","                element = document.querySelector('#outputTextareaStdout1');","                if (!element) {","                    return;","                }","                // append text to #outputTextareaStdout1","                element.value += Array.from(arguments).map(function (arg) {","                    return typeof arg === 'string'","                        ? arg","                        : JSON.stringify(arg, null, 4);","                }).join(' ') + '\\n';","                // scroll textarea to bottom","                element.scrollTop = element.scrollHeight;","            };","        });","        // init event-handling","        ['change', 'click', 'keyup'].forEach(function (event) {","            Array.from(document.querySelectorAll('.on' + event)).forEach(function (element) {","                element.addEventListener(event, local.testRunBrowser);","            });","        });","        // run tests","        local.testRunBrowser();","        break;","","","","    // run node js-env code - post-init","    /* istanbul ignore next */","    case 'node':","        // export local","        module.exports = local;","        // require modules","        local.fs = require('fs');","        local.http = require('http');","        local.url = require('url');","        // init assets","        local.assetsDict = local.assetsDict || {};","        /* jslint-ignore-begin */","        local.assetsDict['/assets.index.template.html'] = '\\","<!doctype html>\\n\\","<html lang=\"en\">\\n\\","<head>\\n\\","<meta charset=\"UTF-8\">\\n\\","<meta name=\"viewport\" content=\"width=device-width, initial-scale=1\">\\n\\","<title>{{env.npm_package_name}} (v{{env.npm_package_version}})</title>\\n\\","<style>\\n\\","/*csslint\\n\\","    box-sizing: false,\\n\\","    universal-selector: false\\n\\","*/\\n\\","* {\\n\\","    box-sizing: border-box;\\n\\","}\\n\\","body {\\n\\","    background: #dde;\\n\\","    font-family: Arial, Helvetica, sans-serif;\\n\\","    margin: 2rem;\\n\\","}\\n\\","body > * {\\n\\","    margin-bottom: 1rem;\\n\\","}\\n\\",".utility2FooterDiv {\\n\\","    margin-top: 20px;\\n\\","    text-align: center;\\n\\","}\\n\\","</style>\\n\\","<style>\\n\\","/*csslint\\n\\","*/\\n\\","textarea {\\n\\","    font-family: monospace;\\n\\","    height: 10rem;\\n\\","    width: 100%;\\n\\","}\\n\\","textarea[readonly] {\\n\\","    background: #ddd;\\n\\","}\\n\\","</style>\\n\\","</head>\\n\\","<body>\\n\\","<!-- utility2-comment\\n\\","<div id=\"ajaxProgressDiv1\" style=\"background: #d00; height: 2px; left: 0; margin: 0; padding: 0; position: fixed; top: 0; transition: background 0.5s, width 1.5s; width: 25%;\"></div>\\n\\","utility2-comment -->\\n\\","<h1>\\n\\","<!-- utility2-comment\\n\\","    <a\\n\\","        {{#if env.npm_package_homepage}}\\n\\","        href=\"{{env.npm_package_homepage}}\"\\n\\","        {{/if env.npm_package_homepage}}\\n\\","        target=\"_blank\"\\n\\","    >\\n\\","utility2-comment -->\\n\\","        {{env.npm_package_name}} (v{{env.npm_package_version}})\\n\\","<!-- utility2-comment\\n\\","    </a>\\n\\","utility2-comment -->\\n\\","</h1>\\n\\","<h3>{{env.npm_package_description}}</h3>\\n\\","<!-- utility2-comment\\n\\","<h4><a download href=\"assets.app.js\">download standalone app</a></h4>\\n\\","<button class=\"onclick onreset\" id=\"testRunButton1\">run internal test</button><br>\\n\\","<div id=\"testReportDiv1\" style=\"display: none;\"></div>\\n\\","utility2-comment -->\\n\\","\\n\\","\\n\\","\\n\\","<label>stderr and stdout</label>\\n\\","<textarea class=\"resettable\" id=\"outputTextareaStdout1\" readonly></textarea>\\n\\","<!-- utility2-comment\\n\\","{{#if isRollup}}\\n\\","<script src=\"assets.app.js\"></script>\\n\\","{{#unless isRollup}}\\n\\","utility2-comment -->\\n\\","<script src=\"assets.utility2.rollup.js\"></script>\\n\\","<script src=\"jsonp.utility2._stateInit?callback=window.utility2._stateInit\"></script>\\n\\","<script src=\"assets.npmtest_lout.rollup.js\"></script>\\n\\","<script src=\"assets.example.js\"></script>\\n\\","<script src=\"assets.test.js\"></script>\\n\\","<!-- utility2-comment\\n\\","{{/if isRollup}}\\n\\","utility2-comment -->\\n\\","<div class=\"utility2FooterDiv\">\\n\\","    [ this app was created with\\n\\","    <a href=\"https://github.com/kaizhu256/node-utility2\" target=\"_blank\">utility2</a>\\n\\","    ]\\n\\","</div>\\n\\","</body>\\n\\","</html>\\n\\","';","        /* jslint-ignore-end */","        if (local.templateRender) {","            local.assetsDict['/'] = local.templateRender(","                local.assetsDict['/assets.index.template.html'],","                {","                    env: local.objectSetDefault(local.env, {","                        npm_package_description: 'the greatest app in the world!',","                        npm_package_name: 'my-app',","                        npm_package_nameAlias: 'my_app',","                        npm_package_version: '0.0.1'","                    })","                }","            );","        } else {","            local.assetsDict['/'] = local.assetsDict['/assets.index.template.html']","                .replace((/\\{\\{env\\.(\\w+?)\\}\\}/g), function (match0, match1) {","                    // jslint-hack","                    String(match0);","                    switch (match1) {","                    case 'npm_package_description':","                        return 'the greatest app in the world!';","                    case 'npm_package_name':","                        return 'my-app';","                    case 'npm_package_nameAlias':","                        return 'my_app';","                    case 'npm_package_version':","                        return '0.0.1';","                    }","                });","        }","        // run the cli","        if (local.global.utility2_rollup || module !== require.main) {","            break;","        }","        local.assetsDict['/assets.example.js'] =","            local.assetsDict['/assets.example.js'] ||","            local.fs.readFileSync(__filename, 'utf8');","        // bug-workaround - long $npm_package_buildCustomOrg","        /* jslint-ignore-begin */","        local.assetsDict['/assets.npmtest_lout.rollup.js'] =","            local.assetsDict['/assets.npmtest_lout.rollup.js'] ||","            local.fs.readFileSync(","                local.npmtest_lout.__dirname + '/lib.npmtest_lout.js',","                'utf8'","            ).replace((/^#!/), '//');","        /* jslint-ignore-end */","        local.assetsDict['/favicon.ico'] = local.assetsDict['/favicon.ico'] || '';","        // if $npm_config_timeout_exit exists,","        // then exit this process after $npm_config_timeout_exit ms","        if (Number(process.env.npm_config_timeout_exit)) {","            setTimeout(process.exit, Number(process.env.npm_config_timeout_exit));","        }","        // start server","        if (local.global.utility2_serverHttp1) {","            break;","        }","        process.env.PORT = process.env.PORT || '8081';","        console.error('server starting on port ' + process.env.PORT);","        local.http.createServer(function (request, response) {","            request.urlParsed = local.url.parse(request.url);","            if (local.assetsDict[request.urlParsed.pathname] !== undefined) {","                response.end(local.assetsDict[request.urlParsed.pathname]);","                return;","            }","            response.statusCode = 404;","            response.end();","        }).listen(process.env.PORT);","        break;","    }","}());",""],"l":{"26":2,"28":2,"33":2,"35":2,"37":2,"38":2,"39":2,"44":1,"51":2,"55":2,"59":2,"61":2,"69":1,"70":2,"76":2,"79":2,"82":2,"83":2,"85":1,"89":2,"92":1,"93":1,"94":1,"96":1,"97":1,"100":1,"101":1,"103":1,"106":1,"108":2,"114":1,"116":1,"118":1,"123":1,"124":2,"125":2,"126":3,"127":3,"128":3,"129":3,"130":1,"133":3,"134":3,"139":3,"143":1,"144":3,"145":1,"149":1,"150":1,"158":1,"160":1,"161":1,"162":1,"164":1,"166":1,"258":1,"259":1,"271":1,"274":6,"275":6,"277":1,"279":2,"281":1,"283":2,"288":1,"289":1,"291":1,"296":1,"303":1,"306":1,"307":1,"310":1,"311":1,"313":1,"314":1,"315":1,"316":1,"317":1,"318":1,"319":1,"321":1,"322":1,"324":1}},"/home/travis/build/npmtest/node-npmtest-lout/node_modules/lout/lib/index.js":{"path":"/home/travis/build/npmtest/node-npmtest-lout/node_modules/lout/lib/index.js","s":{"1":1,"2":1,"3":1,"4":1,"5":1,"6":1,"7":1,"8":0,"9":0,"10":0,"11":0,"12":0,"13":0,"14":0,"15":0,"16":0,"17":0,"18":0,"19":0,"20":0,"21":0,"22":0,"23":0,"24":0,"25":1,"26":1,"27":0,"28":0,"29":0,"30":0,"31":0,"32":0,"33":0,"34":0,"35":0,"36":0,"37":0,"38":0,"39":0,"40":0,"41":0,"42":0,"43":0,"44":0,"45":0,"46":0,"47":0,"48":0,"49":1,"50":0,"51":0,"52":0,"53":1,"54":0,"55":0,"56":1,"57":0,"58":0,"59":0,"60":0,"61":0,"62":1,"63":0,"64":0,"65":0,"66":0,"67":0,"68":0,"69":0,"70":1,"71":0,"72":0,"73":0,"74":0,"75":0,"76":0,"77":0,"78":0,"79":0,"80":0,"81":0,"82":0,"83":0,"84":0,"85":0,"86":0,"87":0,"88":0,"89":0,"90":0,"91":0,"92":0,"93":0,"94":0,"95":0,"96":0,"97":0,"98":0,"99":0,"100":0,"101":0,"102":0,"103":0,"104":0,"105":0,"106":0,"107":0,"108":0,"109":1,"110":0,"111":0,"112":0,"113":0,"114":0,"115":0,"116":0,"117":0,"118":0,"119":0,"120":1,"121":0,"122":1,"123":0,"124":0,"125":0,"126":1,"127":0,"128":1,"129":0,"130":0,"131":0,"132":1,"133":0,"134":0,"135":0,"136":0,"137":0,"138":0,"139":0,"140":0,"141":0,"142":0,"143":0,"144":0,"145":0,"146":1,"147":0,"148":0,"149":0,"150":0,"151":0,"152":1,"153":0,"154":0,"155":0,"156":0},"b":{"1":[0,0],"2":[0,0],"3":[0,0],"4":[0,0],"5":[0,0],"6":[0,0],"7":[0,0],"8":[0,0],"9":[0,0],"10":[0,0],"11":[0,0],"12":[0,0,0,0,0],"13":[0,0],"14":[0,0],"15":[0,0],"16":[0,0],"17":[0,0],"18":[0,0],"19":[0,0],"20":[0,0],"21":[0,0],"22":[0,0],"23":[0,0,0,0],"24":[0,0],"25":[0,0],"26":[0,0],"27":[0,0],"28":[0,0],"29":[0,0],"30":[0,0],"31":[0,0],"32":[0,0],"33":[0,0],"34":[0,0],"35":[0,0],"36":[0,0],"37":[0,0],"38":[0,0],"39":[0,0],"40":[0,0],"41":[0,0],"42":[0,0],"43":[0,0],"44":[0,0],"45":[0,0],"46":[0,0],"47":[0,0],"48":[0,0],"49":[0,0],"50":[0,0],"51":[0,0],"52":[0,0],"53":[0,0],"54":[0,0],"55":[0,0],"56":[0,0],"57":[0,0],"58":[0,0],"59":[0,0],"60":[0,0],"61":[0,0],"62":[0,0],"63":[0,0],"64":[0,0],"65":[0,0,0]},"f":{"1":0,"2":0,"3":0,"4":0,"5":0,"6":0,"7":0,"8":0,"9":0,"10":0,"11":0,"12":0,"13":0,"14":0,"15":0,"16":0},"fnMap":{"1":{"name":"(anonymous_1)","line":43,"loc":{"start":{"line":43,"column":19},"end":{"line":43,"column":58}}},"2":{"name":"(anonymous_2)","line":121,"loc":{"start":{"line":121,"column":17},"end":{"line":121,"column":45}}},"3":{"name":"(anonymous_3)","line":131,"loc":{"start":{"line":131,"column":15},"end":{"line":131,"column":32}}},"4":{"name":"(anonymous_4)","line":191,"loc":{"start":{"line":191,"column":31},"end":{"line":191,"column":54}}},"5":{"name":"(anonymous_5)","line":202,"loc":{"start":{"line":202,"column":26},"end":{"line":202,"column":44}}},"6":{"name":"(anonymous_6)","line":222,"loc":{"start":{"line":222,"column":21},"end":{"line":222,"column":39}}},"7":{"name":"(anonymous_7)","line":234,"loc":{"start":{"line":234,"column":33},"end":{"line":234,"column":51}}},"8":{"name":"(anonymous_8)","line":250,"loc":{"start":{"line":250,"column":26},"end":{"line":250,"column":49}}},"9":{"name":"(anonymous_9)","line":360,"loc":{"start":{"line":360,"column":28},"end":{"line":360,"column":52}}},"10":{"name":"(anonymous_10)","line":387,"loc":{"start":{"line":387,"column":23},"end":{"line":387,"column":41}}},"11":{"name":"(anonymous_11)","line":393,"loc":{"start":{"line":393,"column":24},"end":{"line":393,"column":45}}},"12":{"name":"(anonymous_12)","line":404,"loc":{"start":{"line":404,"column":18},"end":{"line":404,"column":33}}},"13":{"name":"(anonymous_13)","line":410,"loc":{"start":{"line":410,"column":28},"end":{"line":410,"column":43}}},"14":{"name":"(anonymous_14)","line":420,"loc":{"start":{"line":420,"column":32},"end":{"line":420,"column":48}}},"15":{"name":"(anonymous_15)","line":452,"loc":{"start":{"line":452,"column":25},"end":{"line":452,"column":42}}},"16":{"name":"(anonymous_16)","line":465,"loc":{"start":{"line":465,"column":24},"end":{"line":465,"column":41}}}},"statementMap":{"1":{"start":{"line":4,"column":0},"end":{"line":4,"column":27}},"2":{"start":{"line":5,"column":0},"end":{"line":5,"column":29}},"3":{"start":{"line":6,"column":0},"end":{"line":6,"column":29}},"4":{"start":{"line":7,"column":0},"end":{"line":7,"column":29}},"5":{"start":{"line":8,"column":0},"end":{"line":8,"column":41}},"6":{"start":{"line":13,"column":0},"end":{"line":40,"column":2}},"7":{"start":{"line":43,"column":0},"end":{"line":112,"column":2}},"8":{"start":{"line":45,"column":4},"end":{"line":45,"column":64}},"9":{"start":{"line":46,"column":4},"end":{"line":48,"column":5}},"10":{"start":{"line":47,"column":8},"end":{"line":47,"column":49}},"11":{"start":{"line":50,"column":4},"end":{"line":50,"column":52}},"12":{"start":{"line":51,"column":4},"end":{"line":51,"column":34}},"13":{"start":{"line":53,"column":4},"end":{"line":55,"column":5}},"14":{"start":{"line":54,"column":8},"end":{"line":54,"column":52}},"15":{"start":{"line":57,"column":4},"end":{"line":59,"column":5}},"16":{"start":{"line":58,"column":8},"end":{"line":58,"column":59}},"17":{"start":{"line":61,"column":4},"end":{"line":61,"column":83}},"18":{"start":{"line":63,"column":4},"end":{"line":109,"column":7}},"19":{"start":{"line":65,"column":8},"end":{"line":80,"column":11}},"20":{"start":{"line":82,"column":8},"end":{"line":86,"column":11}},"21":{"start":{"line":88,"column":8},"end":{"line":106,"column":9}},"22":{"start":{"line":89,"column":12},"end":{"line":105,"column":15}},"23":{"start":{"line":108,"column":8},"end":{"line":108,"column":21}},"24":{"start":{"line":111,"column":4},"end":{"line":111,"column":17}},"25":{"start":{"line":115,"column":0},"end":{"line":118,"column":2}},"26":{"start":{"line":121,"column":0},"end":{"line":188,"column":2}},"27":{"start":{"line":123,"column":4},"end":{"line":187,"column":6}},"28":{"start":{"line":133,"column":12},"end":{"line":133,"column":48}},"29":{"start":{"line":134,"column":12},"end":{"line":134,"column":35}},"30":{"start":{"line":136,"column":12},"end":{"line":172,"column":15}},"31":{"start":{"line":138,"column":16},"end":{"line":140,"column":17}},"32":{"start":{"line":139,"column":20},"end":{"line":139,"column":27}},"33":{"start":{"line":142,"column":16},"end":{"line":169,"column":19}},"34":{"start":{"line":144,"column":20},"end":{"line":147,"column":21}},"35":{"start":{"line":146,"column":24},"end":{"line":146,"column":37}},"36":{"start":{"line":149,"column":20},"end":{"line":157,"column":28}},"37":{"start":{"line":160,"column":20},"end":{"line":162,"column":21}},"38":{"start":{"line":161,"column":24},"end":{"line":161,"column":33}},"39":{"start":{"line":164,"column":20},"end":{"line":166,"column":21}},"40":{"start":{"line":165,"column":24},"end":{"line":165,"column":34}},"41":{"start":{"line":168,"column":20},"end":{"line":168,"column":119}},"42":{"start":{"line":171,"column":16},"end":{"line":171,"column":45}},"43":{"start":{"line":174,"column":12},"end":{"line":176,"column":13}},"44":{"start":{"line":174,"column":50},"end":{"line":174,"column":74}},"45":{"start":{"line":175,"column":16},"end":{"line":175,"column":46}},"46":{"start":{"line":178,"column":12},"end":{"line":180,"column":13}},"47":{"start":{"line":179,"column":16},"end":{"line":179,"column":105}},"48":{"start":{"line":182,"column":12},"end":{"line":182,"column":97}},"49":{"start":{"line":191,"column":0},"end":{"line":199,"column":2}},"50":{"start":{"line":193,"column":4},"end":{"line":196,"column":7}},"51":{"start":{"line":195,"column":8},"end":{"line":195,"column":69}},"52":{"start":{"line":198,"column":4},"end":{"line":198,"column":23}},"53":{"start":{"line":202,"column":0},"end":{"line":220,"column":2}},"54":{"start":{"line":204,"column":4},"end":{"line":219,"column":8}},"55":{"start":{"line":204,"column":34},"end":{"line":219,"column":5}},"56":{"start":{"line":222,"column":0},"end":{"line":232,"column":2}},"57":{"start":{"line":224,"column":4},"end":{"line":227,"column":5}},"58":{"start":{"line":226,"column":8},"end":{"line":226,"column":20}},"59":{"start":{"line":229,"column":4},"end":{"line":229,"column":80}},"60":{"start":{"line":230,"column":4},"end":{"line":230,"column":28}},"61":{"start":{"line":231,"column":4},"end":{"line":231,"column":23}},"62":{"start":{"line":234,"column":0},"end":{"line":247,"column":2}},"63":{"start":{"line":236,"column":4},"end":{"line":236,"column":44}},"64":{"start":{"line":237,"column":4},"end":{"line":239,"column":5}},"65":{"start":{"line":238,"column":8},"end":{"line":238,"column":15}},"66":{"start":{"line":241,"column":4},"end":{"line":241,"column":22}},"67":{"start":{"line":242,"column":4},"end":{"line":245,"column":7}},"68":{"start":{"line":244,"column":8},"end":{"line":244,"column":56}},"69":{"start":{"line":246,"column":4},"end":{"line":246,"column":18}},"70":{"start":{"line":250,"column":0},"end":{"line":357,"column":2}},"71":{"start":{"line":253,"column":4},"end":{"line":258,"column":5}},"72":{"start":{"line":255,"column":8},"end":{"line":257,"column":10}},"73":{"start":{"line":261,"column":4},"end":{"line":271,"column":5}},"74":{"start":{"line":263,"column":8},"end":{"line":270,"column":10}},"75":{"start":{"line":273,"column":4},"end":{"line":273,"column":13}},"76":{"start":{"line":274,"column":4},"end":{"line":279,"column":5}},"77":{"start":{"line":275,"column":8},"end":{"line":275,"column":27}},"78":{"start":{"line":278,"column":8},"end":{"line":278,"column":26}},"79":{"start":{"line":281,"column":4},"end":{"line":304,"column":6}},"80":{"start":{"line":306,"column":4},"end":{"line":319,"column":5}},"81":{"start":{"line":307,"column":8},"end":{"line":307,"column":26}},"82":{"start":{"line":309,"column":8},"end":{"line":312,"column":9}},"83":{"start":{"line":310,"column":12},"end":{"line":310,"column":61}},"84":{"start":{"line":311,"column":12},"end":{"line":311,"column":117}},"85":{"start":{"line":311,"column":65},"end":{"line":311,"column":114}},"86":{"start":{"line":314,"column":8},"end":{"line":316,"column":9}},"87":{"start":{"line":315,"column":12},"end":{"line":315,"column":126}},"88":{"start":{"line":315,"column":71},"end":{"line":315,"column":123}},"89":{"start":{"line":318,"column":8},"end":{"line":318,"column":33}},"90":{"start":{"line":321,"column":4},"end":{"line":339,"column":5}},"91":{"start":{"line":323,"column":8},"end":{"line":325,"column":9}},"92":{"start":{"line":324,"column":12},"end":{"line":324,"column":96}},"93":{"start":{"line":324,"column":65},"end":{"line":324,"column":94}},"94":{"start":{"line":327,"column":8},"end":{"line":327,"column":24}},"95":{"start":{"line":328,"column":8},"end":{"line":328,"column":33}},"96":{"start":{"line":329,"column":8},"end":{"line":338,"column":11}},"97":{"start":{"line":331,"column":12},"end":{"line":331,"column":49}},"98":{"start":{"line":332,"column":12},"end":{"line":337,"column":13}},"99":{"start":{"line":333,"column":16},"end":{"line":333,"column":47}},"100":{"start":{"line":336,"column":16},"end":{"line":336,"column":38}},"101":{"start":{"line":341,"column":4},"end":{"line":354,"column":5}},"102":{"start":{"line":342,"column":8},"end":{"line":342,"column":106}},"103":{"start":{"line":342,"column":68},"end":{"line":342,"column":104}},"104":{"start":{"line":345,"column":8},"end":{"line":353,"column":9}},"105":{"start":{"line":346,"column":12},"end":{"line":349,"column":16}},"106":{"start":{"line":346,"column":52},"end":{"line":349,"column":13}},"107":{"start":{"line":352,"column":12},"end":{"line":352,"column":28}},"108":{"start":{"line":356,"column":4},"end":{"line":356,"column":16}},"109":{"start":{"line":360,"column":0},"end":{"line":384,"column":2}},"110":{"start":{"line":362,"column":4},"end":{"line":381,"column":7}},"111":{"start":{"line":364,"column":8},"end":{"line":366,"column":9}},"112":{"start":{"line":365,"column":12},"end":{"line":365,"column":25}},"113":{"start":{"line":368,"column":8},"end":{"line":370,"column":9}},"114":{"start":{"line":369,"column":12},"end":{"line":369,"column":25}},"115":{"start":{"line":372,"column":8},"end":{"line":372,"column":20}},"116":{"start":{"line":375,"column":8},"end":{"line":378,"column":9}},"117":{"start":{"line":377,"column":12},"end":{"line":377,"column":52}},"118":{"start":{"line":380,"column":8},"end":{"line":380,"column":37}},"119":{"start":{"line":383,"column":4},"end":{"line":383,"column":41}},"120":{"start":{"line":387,"column":0},"end":{"line":390,"column":2}},"121":{"start":{"line":389,"column":4},"end":{"line":389,"column":60}},"122":{"start":{"line":393,"column":0},"end":{"line":401,"column":2}},"123":{"start":{"line":395,"column":4},"end":{"line":398,"column":5}},"124":{"start":{"line":397,"column":8},"end":{"line":397,"column":138}},"125":{"start":{"line":400,"column":4},"end":{"line":400,"column":70}},"126":{"start":{"line":404,"column":0},"end":{"line":407,"column":2}},"127":{"start":{"line":406,"column":4},"end":{"line":406,"column":68}},"128":{"start":{"line":410,"column":0},"end":{"line":417,"column":2}},"129":{"start":{"line":412,"column":4},"end":{"line":414,"column":5}},"130":{"start":{"line":413,"column":8},"end":{"line":413,"column":29}},"131":{"start":{"line":416,"column":4},"end":{"line":416,"column":31}},"132":{"start":{"line":420,"column":0},"end":{"line":450,"column":2}},"133":{"start":{"line":422,"column":4},"end":{"line":422,"column":25}},"134":{"start":{"line":423,"column":4},"end":{"line":447,"column":5}},"135":{"start":{"line":425,"column":8},"end":{"line":428,"column":10}},"136":{"start":{"line":430,"column":9},"end":{"line":447,"column":5}},"137":{"start":{"line":431,"column":8},"end":{"line":431,"column":34}},"138":{"start":{"line":433,"column":8},"end":{"line":435,"column":9}},"139":{"start":{"line":434,"column":12},"end":{"line":434,"column":40}},"140":{"start":{"line":437,"column":8},"end":{"line":439,"column":9}},"141":{"start":{"line":438,"column":12},"end":{"line":438,"column":37}},"142":{"start":{"line":441,"column":8},"end":{"line":441,"column":23}},"143":{"start":{"line":443,"column":9},"end":{"line":447,"column":5}},"144":{"start":{"line":444,"column":8},"end":{"line":446,"column":10}},"145":{"start":{"line":449,"column":4},"end":{"line":449,"column":21}},"146":{"start":{"line":452,"column":0},"end":{"line":463,"column":2}},"147":{"start":{"line":454,"column":4},"end":{"line":456,"column":5}},"148":{"start":{"line":455,"column":8},"end":{"line":455,"column":15}},"149":{"start":{"line":458,"column":4},"end":{"line":460,"column":5}},"150":{"start":{"line":459,"column":8},"end":{"line":459,"column":23}},"151":{"start":{"line":462,"column":4},"end":{"line":462,"column":17}},"152":{"start":{"line":465,"column":0},"end":{"line":481,"column":2}},"153":{"start":{"line":467,"column":4},"end":{"line":467,"column":53}},"154":{"start":{"line":470,"column":4},"end":{"line":477,"column":5}},"155":{"start":{"line":471,"column":8},"end":{"line":476,"column":11}},"156":{"start":{"line":480,"column":4},"end":{"line":480,"column":16}}},"branchMap":{"1":{"line":46,"type":"if","locations":[{"start":{"line":46,"column":4},"end":{"line":46,"column":4}},{"start":{"line":46,"column":4},"end":{"line":46,"column":4}}]},"2":{"line":53,"type":"if","locations":[{"start":{"line":53,"column":4},"end":{"line":53,"column":4}},{"start":{"line":53,"column":4},"end":{"line":53,"column":4}}]},"3":{"line":57,"type":"if","locations":[{"start":{"line":57,"column":4},"end":{"line":57,"column":4}},{"start":{"line":57,"column":4},"end":{"line":57,"column":4}}]},"4":{"line":57,"type":"binary-expr","locations":[{"start":{"line":57,"column":8},"end":{"line":57,"column":36}},{"start":{"line":57,"column":40},"end":{"line":57,"column":95}}]},"5":{"line":61,"type":"cond-expr","locations":[{"start":{"line":61,"column":54},"end":{"line":61,"column":56}},{"start":{"line":61,"column":59},"end":{"line":61,"column":76}}]},"6":{"line":66,"type":"binary-expr","locations":[{"start":{"line":66,"column":21},"end":{"line":66,"column":37}},{"start":{"line":66,"column":41},"end":{"line":70,"column":13}}]},"7":{"line":88,"type":"if","locations":[{"start":{"line":88,"column":8},"end":{"line":88,"column":8}},{"start":{"line":88,"column":8},"end":{"line":88,"column":8}}]},"8":{"line":138,"type":"if","locations":[{"start":{"line":138,"column":16},"end":{"line":138,"column":16}},{"start":{"line":138,"column":16},"end":{"line":138,"column":16}}]},"9":{"line":138,"type":"binary-expr","locations":[{"start":{"line":138,"column":20},"end":{"line":138,"column":40}},{"start":{"line":138,"column":44},"end":{"line":138,"column":88}}]},"10":{"line":144,"type":"if","locations":[{"start":{"line":144,"column":20},"end":{"line":144,"column":20}},{"start":{"line":144,"column":20},"end":{"line":144,"column":20}}]},"11":{"line":144,"type":"binary-expr","locations":[{"start":{"line":144,"column":24},"end":{"line":144,"column":42}},{"start":{"line":144,"column":46},"end":{"line":144,"column":78}}]},"12":{"line":149,"type":"binary-expr","locations":[{"start":{"line":149,"column":27},"end":{"line":149,"column":52}},{"start":{"line":150,"column":24},"end":{"line":150,"column":60}},{"start":{"line":151,"column":24},"end":{"line":151,"column":49}},{"start":{"line":152,"column":25},"end":{"line":152,"column":47}},{"start":{"line":152,"column":51},"end":{"line":157,"column":26}}]},"13":{"line":160,"type":"if","locations":[{"start":{"line":160,"column":20},"end":{"line":160,"column":20}},{"start":{"line":160,"column":20},"end":{"line":160,"column":20}}]},"14":{"line":164,"type":"if","locations":[{"start":{"line":164,"column":20},"end":{"line":164,"column":20}},{"start":{"line":164,"column":20},"end":{"line":164,"column":20}}]},"15":{"line":174,"type":"if","locations":[{"start":{"line":174,"column":12},"end":{"line":174,"column":12}},{"start":{"line":174,"column":12},"end":{"line":174,"column":12}}]},"16":{"line":178,"type":"if","locations":[{"start":{"line":178,"column":12},"end":{"line":178,"column":12}},{"start":{"line":178,"column":12},"end":{"line":178,"column":12}}]},"17":{"line":178,"type":"binary-expr","locations":[{"start":{"line":178,"column":16},"end":{"line":178,"column":34}},{"start":{"line":178,"column":38},"end":{"line":178,"column":58}}]},"18":{"line":224,"type":"if","locations":[{"start":{"line":224,"column":4},"end":{"line":224,"column":4}},{"start":{"line":224,"column":4},"end":{"line":224,"column":4}}]},"19":{"line":224,"type":"binary-expr","locations":[{"start":{"line":224,"column":8},"end":{"line":224,"column":23}},{"start":{"line":224,"column":27},"end":{"line":224,"column":53}}]},"20":{"line":236,"type":"binary-expr","locations":[{"start":{"line":236,"column":30},"end":{"line":236,"column":36}},{"start":{"line":236,"column":40},"end":{"line":236,"column":42}}]},"21":{"line":237,"type":"if","locations":[{"start":{"line":237,"column":4},"end":{"line":237,"column":4}},{"start":{"line":237,"column":4},"end":{"line":237,"column":4}}]},"22":{"line":253,"type":"if","locations":[{"start":{"line":253,"column":4},"end":{"line":253,"column":4}},{"start":{"line":253,"column":4},"end":{"line":253,"column":4}}]},"23":{"line":253,"type":"binary-expr","locations":[{"start":{"line":253,"column":8},"end":{"line":253,"column":13}},{"start":{"line":253,"column":17},"end":{"line":253,"column":40}},{"start":{"line":253,"column":44},"end":{"line":253,"column":58}},{"start":{"line":253,"column":62},"end":{"line":253,"column":102}}]},"24":{"line":261,"type":"if","locations":[{"start":{"line":261,"column":4},"end":{"line":261,"column":4}},{"start":{"line":261,"column":4},"end":{"line":261,"column":4}}]},"25":{"line":261,"type":"binary-expr","locations":[{"start":{"line":261,"column":8},"end":{"line":261,"column":17}},{"start":{"line":261,"column":21},"end":{"line":261,"column":29}}]},"26":{"line":268,"type":"binary-expr","locations":[{"start":{"line":268,"column":18},"end":{"line":268,"column":28}},{"start":{"line":268,"column":32},"end":{"line":268,"column":84}}]},"27":{"line":269,"type":"binary-expr","locations":[{"start":{"line":269,"column":23},"end":{"line":269,"column":38}},{"start":{"line":269,"column":42},"end":{"line":269,"column":104}}]},"28":{"line":274,"type":"if","locations":[{"start":{"line":274,"column":4},"end":{"line":274,"column":4}},{"start":{"line":274,"column":4},"end":{"line":274,"column":4}}]},"29":{"line":274,"type":"binary-expr","locations":[{"start":{"line":274,"column":8},"end":{"line":274,"column":20}},{"start":{"line":274,"column":24},"end":{"line":274,"column":58}}]},"30":{"line":289,"type":"cond-expr","locations":[{"start":{"line":289,"column":38},"end":{"line":289,"column":83}},{"start":{"line":289,"column":86},"end":{"line":289,"column":90}}]},"31":{"line":290,"type":"cond-expr","locations":[{"start":{"line":290,"column":43},"end":{"line":290,"column":90}},{"start":{"line":290,"column":93},"end":{"line":290,"column":97}}]},"32":{"line":292,"type":"binary-expr","locations":[{"start":{"line":292,"column":15},"end":{"line":292,"column":33}},{"start":{"line":292,"column":37},"end":{"line":292,"column":82}}]},"33":{"line":293,"type":"cond-expr","locations":[{"start":{"line":293,"column":39},"end":{"line":293,"column":84}},{"start":{"line":293,"column":87},"end":{"line":293,"column":91}}]},"34":{"line":294,"type":"binary-expr","locations":[{"start":{"line":294,"column":15},"end":{"line":294,"column":26}},{"start":{"line":294,"column":30},"end":{"line":303,"column":9}}]},"35":{"line":306,"type":"if","locations":[{"start":{"line":306,"column":4},"end":{"line":306,"column":4}},{"start":{"line":306,"column":4},"end":{"line":306,"column":4}}]},"36":{"line":309,"type":"if","locations":[{"start":{"line":309,"column":8},"end":{"line":309,"column":8}},{"start":{"line":309,"column":8},"end":{"line":309,"column":8}}]},"37":{"line":314,"type":"if","locations":[{"start":{"line":314,"column":8},"end":{"line":314,"column":8}},{"start":{"line":314,"column":8},"end":{"line":314,"column":8}}]},"38":{"line":321,"type":"if","locations":[{"start":{"line":321,"column":4},"end":{"line":321,"column":4}},{"start":{"line":321,"column":4},"end":{"line":321,"column":4}}]},"39":{"line":321,"type":"binary-expr","locations":[{"start":{"line":321,"column":8},"end":{"line":321,"column":29}},{"start":{"line":321,"column":33},"end":{"line":321,"column":44}}]},"40":{"line":323,"type":"if","locations":[{"start":{"line":323,"column":8},"end":{"line":323,"column":8}},{"start":{"line":323,"column":8},"end":{"line":323,"column":8}}]},"41":{"line":332,"type":"if","locations":[{"start":{"line":332,"column":12},"end":{"line":332,"column":12}},{"start":{"line":332,"column":12},"end":{"line":332,"column":12}}]},"42":{"line":332,"type":"binary-expr","locations":[{"start":{"line":332,"column":16},"end":{"line":332,"column":26}},{"start":{"line":332,"column":30},"end":{"line":332,"column":50}}]},"43":{"line":341,"type":"if","locations":[{"start":{"line":341,"column":4},"end":{"line":341,"column":4}},{"start":{"line":341,"column":4},"end":{"line":341,"column":4}}]},"44":{"line":345,"type":"if","locations":[{"start":{"line":345,"column":8},"end":{"line":345,"column":8}},{"start":{"line":345,"column":8},"end":{"line":345,"column":8}}]},"45":{"line":364,"type":"if","locations":[{"start":{"line":364,"column":8},"end":{"line":364,"column":8}},{"start":{"line":364,"column":8},"end":{"line":364,"column":8}}]},"46":{"line":364,"type":"binary-expr","locations":[{"start":{"line":364,"column":12},"end":{"line":364,"column":37}},{"start":{"line":364,"column":41},"end":{"line":364,"column":59}}]},"47":{"line":368,"type":"if","locations":[{"start":{"line":368,"column":8},"end":{"line":368,"column":8}},{"start":{"line":368,"column":8},"end":{"line":368,"column":8}}]},"48":{"line":368,"type":"binary-expr","locations":[{"start":{"line":368,"column":12},"end":{"line":368,"column":29}},{"start":{"line":368,"column":33},"end":{"line":368,"column":61}}]},"49":{"line":375,"type":"if","locations":[{"start":{"line":375,"column":8},"end":{"line":375,"column":8}},{"start":{"line":375,"column":8},"end":{"line":375,"column":8}}]},"50":{"line":383,"type":"cond-expr","locations":[{"start":{"line":383,"column":27},"end":{"line":383,"column":33}},{"start":{"line":383,"column":36},"end":{"line":383,"column":40}}]},"51":{"line":395,"type":"if","locations":[{"start":{"line":395,"column":4},"end":{"line":395,"column":4}},{"start":{"line":395,"column":4},"end":{"line":395,"column":4}}]},"52":{"line":397,"type":"cond-expr","locations":[{"start":{"line":397,"column":88},"end":{"line":397,"column":90}},{"start":{"line":397,"column":93},"end":{"line":397,"column":99}}]},"53":{"line":406,"type":"binary-expr","locations":[{"start":{"line":406,"column":11},"end":{"line":406,"column":34}},{"start":{"line":406,"column":38},"end":{"line":406,"column":67}}]},"54":{"line":412,"type":"if","locations":[{"start":{"line":412,"column":4},"end":{"line":412,"column":4}},{"start":{"line":412,"column":4},"end":{"line":412,"column":4}}]},"55":{"line":423,"type":"if","locations":[{"start":{"line":423,"column":4},"end":{"line":423,"column":4}},{"start":{"line":423,"column":4},"end":{"line":423,"column":4}}]},"56":{"line":430,"type":"if","locations":[{"start":{"line":430,"column":9},"end":{"line":430,"column":9}},{"start":{"line":430,"column":9},"end":{"line":430,"column":9}}]},"57":{"line":430,"type":"binary-expr","locations":[{"start":{"line":430,"column":13},"end":{"line":430,"column":34}},{"start":{"line":430,"column":38},"end":{"line":430,"column":49}}]},"58":{"line":433,"type":"if","locations":[{"start":{"line":433,"column":8},"end":{"line":433,"column":8}},{"start":{"line":433,"column":8},"end":{"line":433,"column":8}}]},"59":{"line":437,"type":"if","locations":[{"start":{"line":437,"column":8},"end":{"line":437,"column":8}},{"start":{"line":437,"column":8},"end":{"line":437,"column":8}}]},"60":{"line":443,"type":"if","locations":[{"start":{"line":443,"column":9},"end":{"line":443,"column":9}},{"start":{"line":443,"column":9},"end":{"line":443,"column":9}}]},"61":{"line":449,"type":"binary-expr","locations":[{"start":{"line":449,"column":11},"end":{"line":449,"column":14}},{"start":{"line":449,"column":18},"end":{"line":449,"column":20}}]},"62":{"line":454,"type":"if","locations":[{"start":{"line":454,"column":4},"end":{"line":454,"column":4}},{"start":{"line":454,"column":4},"end":{"line":454,"column":4}}]},"63":{"line":458,"type":"if","locations":[{"start":{"line":458,"column":4},"end":{"line":458,"column":4}},{"start":{"line":458,"column":4},"end":{"line":458,"column":4}}]},"64":{"line":470,"type":"if","locations":[{"start":{"line":470,"column":4},"end":{"line":470,"column":4}},{"start":{"line":470,"column":4},"end":{"line":470,"column":4}}]},"65":{"line":470,"type":"binary-expr","locations":[{"start":{"line":470,"column":8},"end":{"line":470,"column":12}},{"start":{"line":470,"column":17},"end":{"line":470,"column":28}},{"start":{"line":470,"column":32},"end":{"line":470,"column":42}}]}},"code":["'use strict';","","// Load modules","const Joi = require('joi');","const Boom = require('boom');","const Hoek = require('hoek');","const Path = require('path');","const Handlebars = require('handlebars');","","","// Declare internals","","const internals = {","    defaults: {","        endpoint: '/docs',","        auth: false,","        apiVersion: null,","        basePath: Path.join(__dirname, '..', 'templates'),","        cssPath: Path.join(__dirname, '..', 'public', 'css'),","        helpersPath: Path.join(__dirname, '..', 'templates', 'helpers'),","        partialsPath: Path.join(__dirname, '..', 'templates'),","        indexTemplate: 'index',","        routeTemplate: 'route',","        methodsOrder: ['get', 'head', 'post', 'put', 'patch', 'delete', 'trace', 'options'],","        filterRoutes: null","    },","    options: Joi.object({","        engines: Joi.object(),","        endpoint: Joi.string(),","        apiVersion: Joi.string().allow(null),","        basePath: Joi.string(),","        cssPath: Joi.string().allow(null),","        helpersPath: Joi.string(),","        partialsPath: Joi.string(),","        auth: Joi.object(),","        indexTemplate: Joi.string(),","        routeTemplate: Joi.string(),","        filterRoutes: Joi.func()","    })","};","","","exports.register = function (plugin, options, pluginNext) {","","    const validateOptions = internals.options.validate(options);","    if (validateOptions.error) {","        return pluginNext(validateOptions.error);","    }","","    const settings = Hoek.clone(internals.defaults);","    Hoek.merge(settings, options);","","    if (settings.endpoint[0] !== '/') {","        settings.endpoint = `/${settings.endpoint}`;","    }","","    if (settings.endpoint.length > 1 && settings.endpoint[settings.endpoint.length - 1] === '/') {","        settings.endpoint = settings.endpoint.slice(0, -1);","    }","","    const cssBaseUrl = `${settings.endpoint === '/' ? '' : settings.endpoint}/css`;","","    plugin.dependency(['inert', 'vision'], (server, serverNext) => {","","        server.views({","            engines: settings.engines || {","                html: {","                    module: Handlebars.create()","                }","            },","            path: settings.basePath,","            partialsPath: settings.partialsPath,","            helpersPath: settings.helpersPath,","            runtimeOptions: {","                data: {","                    cssBaseUrl: cssBaseUrl.replace(/(.*?)((\\/\\w+)?\\/css)/, '$2'),","                    apiVersion: settings.apiVersion","                }","            }","        });","","        server.route({","            method: 'GET',","            path: settings.endpoint,","            config: internals.docs(settings, server)","        });","","        if (settings.cssPath) {","            server.route({","                method: 'GET',","                path: `${cssBaseUrl}/{path*}`,","                config: {","                    handler: {","                        directory: {","                            path: settings.cssPath,","                            index: false,","                            listing: false","                        }","            
[...]
"                data.items.push(item);","            }","        });","    }","","    if (data.type === 'alternatives') {","        data.alternatives = param.alternatives.map((alternative) => internals.getParamsData(alternative));","    }","    else  {","        if (param.rules) {","            data.rules = param.rules.map((rule) => ({","                name: internals.capitalize(rule.name),","                params: internals.processRuleArgument(rule)","            }));","        }","        else {","            data.rules = [];","        }","    }","","    return data;","};","","","internals.getExistsValues = function (type, exists) {","","    const values = exists.filter((value) => {","","        if (typeof value === 'string' && value.length === 0) {","            return false;","        }","","        if (type === 'number' && Math.abs(value) === Infinity) {","            return false;","        }","","        return true;","    }).map((value) => {","","        if (internals.isRef(value)) {","","            return internals.formatReference(value);","        }","","        return JSON.stringify(value);","    });","","    return values.length ? values : null;","};","","","internals.capitalize = function (string) {","","    return string.charAt(0).toUpperCase() + string.slice(1);","};","","","internals.formatPeers = function (condition) {","","    if (condition.key) {","","        return `Requires ${condition.peers.join(', ')} to ${condition.type === 'with' ? '' : 'not '}be present when ${condition.key} is.`;","    }","","    return `Requires ${condition.peers.join(` ${condition.type} `)}.`;","};","","","internals.isRef = function (ref) {","","    return typeof ref === 'string' && /^(ref|context):.+/.test(ref);","};","","","internals.formatReference = function (ref) {","","    if (ref.startsWith('ref:')) {","        return ref.substr(4);","    }","","    return '$' + ref.substr(8);","};","","","internals.processRuleArgument = function (rule) {","","    const arg = rule.arg;","    if (rule.name === 'assert') {","","        return {","            key: internals.formatReference(arg.ref),","            value: internals.getParamsData(arg.schema)","        };","    }","    else if (rule.name === 'regex' && arg.pattern) {","        let pattern = arg.pattern;","","        if (arg.name) {","            pattern += ` (${arg.name})`;","        }","","        if (arg.invert) {","            pattern += ' - inverted';","        }","","        return pattern;","    }","    else if (internals.isRef(arg)) {","        return {","            ref: internals.formatReference(arg)","        };","    }","","    return arg || '';","};","","internals.processNotes = function (notes) {","","    if (!notes) {","        return;","    }","","    if (!Array.isArray(notes)) {","        return [notes];","    }","","    return notes;","};","","internals.processAuth = function (route) {","","    const auth = route.connection.auth.lookup(route);","","    /* $lab:coverage:off$ */","    if (auth && (auth.entity || auth.scope)) { // Hapi < 12","        auth.access = [{","            entity: auth.entity,","            scope: {","                selection: auth.scope","            }","        }];","    }","    /* $lab:coverage:on$ */","","    return auth;","};",""],"l":{"4":1,"5":1,"6":1,"7":1,"8":1,"13":1,"43":1,"45":0,"46":0,"47":0,"50":0,"51":0,"53":0,"54":0,"57":0,"58":0,"61":0,"63":0,"65":0,"82":0,"88":0,"89":0,"108":0,"111":0,"115":1,"121":1,"123":0,"133":0,"134":0,"136":0,"138":0,"139":0,"142":0,"144":0,"146":0,"149":0,"160":0,"161":0,"164":0,"165":0,"168":0,"171":0,"174":0,"175":0,"178":0,"179":0,"182":0,"191":1,"193":0,"195":0,"198":0,"202":1,"204":0,"222":1,"224":0,"226":0,"229":0,"230":0,"231":0,"234":1,"236":0,"237":0,"238":0,"241":0,"242":0,"244":0,"246":0,"250":1,"253":0,"255":0,"261":0,"263":0,"273":0,"274":0,"275":0,"278":0,"281":0,"306":0,"307":0,"309":0,"310":0,"311":0,"314":0,"315":0,"318":0,"321":0,"323":0,"324":0,"327":0,"328":0,"329":0,"331":0,"332":0,"333":0,"336":0,"341":0,"342":0,"345":0,"346":0,"352":0,"356":0,"360":1,"362":0,"364":0,"365":0,"368":0,"369":0,"372":0,"375":0,"377":0,"380":0,"383":0,"387":1,"389":0,"393":1,"395":0,"397":0,"400":0,"404":1,"406":0,"410":1,"412":0,"413":0,"416":0,"420":1,"422":0,"423":0,"425":0,"430":0,"431":0,"433":0,"434":0,"437":0,"438":0,"441":0,"443":0,"444":0,"449":0,"452":1,"454":0,"455":0,"458":0,"459":0,"462":0,"465":1,"467":0,"470":0,"471":0,"480":0}},"/home/travis/build/npmtest/node-npmtest-lout/node_modules/lout/templates/helpers/collapse.js":{"path":"/home/travis/build/npmtest/node-npmtest-lout/node_modules/lout/templates/helpers/collapse.js","s":{"1":1,"2":1,"3":1,"4":0,"5":0,"6":0,"7":0,"8":0,"9":0,"10":0,"11":0,"12":0,"13":0,"14":0},"b":{"1":[0,0]},"f":{"1":0},"fnMap":{"1":{"name":"(anonymous_1)","line":7,"loc":{"start":{"line":7,"column":17},"end":{"line":7,"column":36}}}},"statementMap":{"1":{"start":{"line":3,"column":0},"end":{"line":3,"column":41}},"2":{"start":{"line":5,"column":0},"end":{"line":5,"column":17}},"3":{"start":{"line":7,"column":0},"end":{"line":31,"column":2}},"4":{"start":{"line":9,"column":4},"end":{"line":9,"column":54}},"5":{"start":{"line":10,"column":4},"end":{"line":10,"column":33}},"6":{"start":{"line":12,"column":4},"end":{"line":12,"column":63}},"7":{"start":{"line":13,"column":4},"end":{"line":13,"column":42}},"8":{"start":{"line":14,"column":4},"end":{"line":28,"column":5}},"9":{"start":{"line":15,"column":8},"end":{"line":15,"column":28}},"10":{"start":{"line":17,"column":8},"end":{"line":17,"column":73}},"11":{"start":{"line":18,"column":8},"end":{"line":23,"column":20}},"12":{"start":{"line":26,"column":8},"end":{"line":26,"column":27}},"13":{"start":{"line":27,"column":8},"end":{"line":27,"column":61}},"14":{"start":{"line":30,"column":4},"end":{"line":30,"column":57}}},"branchMap":{"1":{"line":14,"type":"if","locations":[{"start":{"line":14,"column":4},"end":{"line":14,"column":4}},{"start":{"line":14,"column":4},"end":{"line":14,"column":4}}]}},"code":["'use strict';","","const Handlebars = require('handlebars');","","let uniqueId = 0;","","module.exports = function (options) {","","    const data = Handlebars.createFrame(options.data);","    data.collapseId = uniqueId++;","","    const children = options.fn.partials.children(this).trim();","    let content = options.fn(this).trim();","    if (content) {","        data.static = false;","","        const header = options.fn.partials.header(this, { data }).trim();","        content = `${header}","            <div class=\"collapse\" id=\"type${data.collapseId}\">","                <dl class=\"well\">","                    ${content}","                </dl>","            </div>`;","    }","    else {","        data.static = true;","        content = options.fn.partials.header(this, { data });","    }","","    return new Handlebars.SafeString(content + children);","};",""],"l":{"3":1,"5":1,"7":1,"9":0,"10":0,"12":0,"13":0,"14":0,"15":0,"17":0,"18":0,"26":0,"27":0,"30":0}},"/home/travis/build/npmtest/node-npmtest-lout/node_modules/lout/templates/helpers/colorFromMethod.js":{"path":"/home/travis/build/npmtest/node-npmtest-lout/node_modules/lout/templates/helpers/colorFromMethod.js","s":{"1":1,"2":0,"3":0,"4":0,"5":0,"6":0,"7":0},"b":{"1":[0,0,0,0,0]},"f":{"1":0},"fnMap":{"1":{"name":"(anonymous_1)","line":3,"loc":{"start":{"line":3,"column":17},"end":{"line":3,"column":36}}}},"statementMap":{"1":{"start":{"line":3,"column":0},"end":{"line":17,"column":2}},"2":{"start":{"line":5,"column":4},"end":{"line":16,"column":5}},"3":{"start":{"line":7,"column":12},"end":{"line":7,"column":41}},"4":{"start":{"line":9,"column":12},"end":{"line":9,"column":41}},"5":{"start":{"line":11,"column":12},"end":{"line":11,"column":41}},"6":{"start":{"line":13,"column":12},"end":{"line":13,"column":40}},"7":{"start":{"line":15,"column":12},"end":{"line":15,"column":41}}},"branchMap":{"1":{"line":5,"type":"switch","locations":[{"start":{"line":6,"column":8},"end":{"line":7,"column":41}},{"start":{"line":8,"column":8},"end":{"line":9,"column":41}},{"start":{"line":10,"column":8},"end":{"line":11,"column":41}},{"start":{"line":12,"column":8},"end":{"line":13,"column":40}},{"start":{"line":14,"column":8},"end":{"line":15,"column":41}}]}},"code":["'use strict';","","module.exports = function (context) {","","    switch (context.method) {","        case 'GET':","            return 'label label-primary';","        case 'PUT':","            return 'label label-warning';","        case 'POST':","            return 'label label-success';","        case 'DELETE':","            return 'label label-danger';","        default:","            return 'label label-default';","    }","};",""],"l":{"3":1,"5":0,"7":0,"9":0,"11":0,"13":0,"15":0}},"/home/travis/build/npmtest/node-npmtest-lout/node_modules/lout/templates/helpers/exists.js":{"path":"/home/travis/build/npmtest/node-npmtest-lout/node_modules/lout/templates/helpers/exists.js","s":{"1":1,"2":0},"b":{"1":[0,0]},"f":{"1":0},"fnMap":{"1":{"name":"(anonymous_1)","line":3,"loc":{"start":{"line":3,"column":17},"end":{"line":3,"column":34}}}},"statementMap":{"1":{"start":{"line":3,"column":0},"end":{"line":6,"column":2}},"2":{"start":{"line":5,"column":4},"end":{"line":5,"column":49}}},"branchMap":{"1":{"line":5,"type":"binary-expr","locations":[{"start":{"line":5,"column":11},"end":{"line":5,"column":30}},{"start":{"line":5,"column":34},"end":{"line":5,"column":48}}]}},"code":["'use strict';","","module.exports = function (value) {","","    return value !== undefined && value !== null;","};",""],"l":{"3":1,"5":0}},"/home/travis/build/npmtest/node-npmtest-lout/node_modules/lout/templates/helpers/join.js":{"path":"/home/travis/build/npmtest/node-npmtest-lout/node_modules/lout/templates/helpers/join.js","s":{"1":1,"2":1,"3":0},"b":{},"f":{"1":0},"fnMap":{"1":{"name":"(anonymous_1)","line":5,"loc":{"start":{"line":5,"column":17},"end":{"line":5,"column":36}}}},"statementMap":{"1":{"start":{"line":3,"column":0},"end":{"line":3,"column":41}},"2":{"start":{"line":5,"column":0},"end":{"line":8,"column":2}},"3":{"start":{"line":7,"column":4},"end":{"line":7,"column":57}}},"branchMap":{},"code":["'use strict';","","const Handlebars = require('handlebars');","","module.exports = function (context) {","","    return new Handlebars.SafeString(context.join(', '));","};",""],"l":{"3":1,"5":1,"7":0}},"/home/travis/build/npmtest/node-npmtest-lout/node_modules/lout/templates/helpers/json.js":{"path":"/home/travis/build/npmtest/node-npmtest-lout/node_modules/lout/templates/helpers/json.js","s":{"1":1,"2":1,"3":0},"b":{},"f":{"1":0},"fnMap":{"1":{"name":"(anonymous_1)","line":5,"loc":{"start":{"line":5,"column":17},"end":{"line":5,"column":36}}}},"statementMap":{"1":{"start":{"line":3,"column":0},"end":{"line":3,"column":41}},"2":{"start":{"line":5,"column":0},"end":{"line":8,"column":2}},"3":{"start":{"line":7,"column":4},"end":{"line":7,"column":105}}},"branchMap":{},"code":["'use strict';","","const Handlebars = require('handlebars');","","module.exports = function (context) {","","    return new Handlebars.SafeString(JSON.stringify(context, null, 2).replace(/(\\r\\n|\\n|\\r)/gm, '<br>'));","};",""],"l":{"3":1,"5":1,"7":0}},"/home/travis/build/npmtest/node-npmtest-lout/node_modules/lout/templates/helpers/multipleIf.js":{"path":"/home/travis/build/npmtest/node-npmtest-lout/node_modules/lout/templates/helpers/multipleIf.js","s":{"1":1,"2":0,"3":0,"4":0,"5":0},"b":{"1":[0,0]},"f":{"1":0},"fnMap":{"1":{"name":"(anonymous_1)","line":4,"loc":{"start":{"line":4,"column":17},"end":{"line":4,"column":29}}}},"statementMap":{"1":{"start":{"line":4,"column":0},"end":{"line":10,"column":2}},"2":{"start":{"line":6,"column":4},"end":{"line":6,"column":65}},"3":{"start":{"line":7,"column":4},"end":{"line":7,"column":68}},"4":{"start":{"line":9,"column":4},"end":{"line":9,"column":80}},"5":{"start":{"line":9,"column":34},"end":{"line":9,"column":35}}},"branchMap":{"1":{"line":9,"type":"cond-expr","locations":[{"start":{"line":9,"column":39},"end":{"line":9,"column":55}},{"start":{"line":9,"column":58},"end":{"line":9,"column":79}}]}},"code":["'use strict';","","// Helper to check for at least one truthy object in a list","module.exports = function () {","","    const options = Array.prototype.slice.call(arguments, -1)[0];","    const conditions = Array.prototype.slice.call(arguments, 0, -1);","","    return conditions.some((v) => v) ? options.fn(this) : options.inverse(this);","};",""],"l":{"4":1,"6":0,"7":0,"9":0}},"/home/travis/build/npmtest/node-npmtest-lout/node_modules/lout/templates/helpers/name.js":{"path":"/home/travis/build/npmtest/node-npmtest-lout/node_modules/lout/templates/helpers/name.js","s":{"1":1,"2":1,"3":0,"4":0,"5":0,"6":0},"b":{"1":[0,0],"2":[0,0],"3":[0,0]},"f":{"1":0},"fnMap":{"1":{"name":"(anonymous_1)","line":5,"loc":{"start":{"line":5,"column":17},"end":{"line":5,"column":29}}}},"statementMap":{"1":{"start":{"line":3,"column":0},"end":{"line":3,"column":41}},"2":{"start":{"line":5,"column":0},"end":{"line":14,"column":2}},"3":{"start":{"line":7,"column":4},"end":{"line":9,"column":5}},"4":{"start":{"line":8,"column":8},"end":{"line":8,"column":52}},"5":{"start":{"line":11,"column":4},"end":{"line":13,"column":5}},"6":{"start":{"line":12,"column":8},"end":{"line":12,"column":84}}},"branchMap":{"1":{"line":7,"type":"if","locations":[{"start":{"line":7,"column":4},"end":{"line":7,"column":4}},{"start":{"line":7,"column":4},"end":{"line":7,"column":4}}]},"2":{"line":11,"type":"if","locations":[{"start":{"line":11,"column":4},"end":{"line":11,"column":4}},{"start":{"line":11,"column":4},"end":{"line":11,"column":4}}]},"3":{"line":11,"type":"binary-expr","locations":[{"start":{"line":11,"column":8},"end":{"line":11,"column":26}},{"start":{"line":11,"column":30},"end":{"line":11,"column":59}}]}},"code":["'use strict';","","const Handlebars = require('handlebars');","","module.exports = function () {","","    if (this.name) {","        return new Handlebars.SafeString(this.name);","    }","","    if (this.allowedValues && this.allowedValues.length > 1) {","        return new Handlebars.SafeString('<span class=\"text-danger\">one of</span>');","    }","};",""],"l":{"3":1,"5":1,"7":0,"8":0,"11":0,"12":0}},"/home/travis/build/npmtest/node-npmtest-lout/node_modules/lout/templates/helpers/type.js":{"path":"/home/travis/build/npmtest/node-npmtest-lout/node_modules/lout/templates/helpers/type.js","s":{"1":1,"2":1,"3":0,"4":0,"5":0,"6":0,"7":0,"8":0,"9":0,"10":0,"11":0,"12":0,"13":0,"14":0,"15":0,"16":0,"17":0,"18":0},"b":{"1":[0,0],"2":[0,0],"3":[0,0],"4":[0,0,0,0],"5":[0,0],"6":[0,0],"7":[0,0],"8":[0,0,0],"9":[0,0],"10":[0,0],"11":[0,0]},"f":{"1":0},"fnMap":{"1":{"name":"(anonymous_1)","line":5,"loc":{"start":{"line":5,"column":17},"end":{"line":5,"column":42}}}},"statementMap":{"1":{"start":{"line":3,"column":0},"end":{"line":3,"column":41}},"2":{"start":{"line":5,"column":0},"end":{"line":48,"column":2}},"3":{"start":{"line":7,"column":4},"end":{"line":9,"column":5}},"4":{"start":{"line":8,"column":8},"end":{"line":8,"column":64}},"5":{"start":{"line":11,"column":4},"end":{"line":11,"column":25}},"6":{"start":{"line":12,"column":4},"end":{"line":16,"column":5}},"7":{"start":{"line":15,"column":8},"end":{"line":15,"column":18}},"8":{"start":{"line":18,"column":4},"end":{"line":45,"column":5}},"9":{"start":{"line":20,"column":8},"end":{"line":44,"column":9}},"10":{"start":{"line":21,"column":12},"end":{"line":21,"column":49}},"11":{"start":{"line":25,"column":13},"end":{"line":44,"column":9}},"12":{"start":{"line":28,"column":12},"end":{"line":28,"column":41}},"13":{"start":{"line":32,"column":13},"end":{"line":44,"column":9}},"14":{"start":{"line":33,"column":12},"end":{"line":33,"column":115}},"15":{"start":{"line":37,"column":13},"end":{"line":44,"column":9}},"16":{"start":{"line":38,"column":12},"end":{"line":38,"column":108}},"17":{"start":{"line":43,"column":12},"end":{"line":43,"column":123}},"18":{"start":{"line":47,"column":4},"end":{"line":47,"column":87}}},"branchMap":{"1":{"line":7,"type":"if","locations":[{"start":{"line":7,"column":4},"end":{"line":7,"column":4}},{"start":{"line":7,"column":4},"end":{"line":7,"column":4}}]},"2":{"line":7,"type":"binary-expr","locations":[{"start":{"line":7,"column":8},"end":{"line":7,"column":21}},{"start":{"line":7,"column":25},"end":{"line":7,"column":34}}]},"3":{"line":12,"type":"if","locations":[{"start":{"line":12,"column":4},"end":{"line":12,"column":4}},{"start":{"line":12,"column":4},"end":{"line":12,"column":4}}]},"4":{"line":12,"type":"binary-expr","locations":[{"start":{"line":12,"column":8},"end":{"line":12,"column":25}},{"start":{"line":13,"column":11},"end":{"line":13,"column":34}},{"start":{"line":14,"column":12},"end":{"line":14,"column":28}},{"start":{"line":14,"column":32},"end":{"line":14,"column":42}}]},"5":{"line":18,"type":"if","locations":[{"start":{"line":18,"column":4},"end":{"line":18,"column":4}},{"start":{"line":18,"column":4},"end":{"line":18,"column":4}}]},"6":{"line":20,"type":"if","locations":[{"start":{"line":20,"column":8},"end":{"line":20,"column":8}},{"start":{"line":20,"column":8},"end":{"line":20,"column":8}}]},"7":{"line":25,"type":"if","locations":[{"start":{"line":25,"column":13},"end":{"line":25,"column":13}},{"start":{"line":25,"column":13},"end":{"line":25,"column":13}}]},"8":{"line":25,"type":"binary-expr","locations":[{"start":{"line":25,"column":17},"end":{"line":25,"column":48}},{"start":{"line":26,"column":15},"end":{"line":26,"column":25}},{"start":{"line":27,"column":15},"end":{"line":27,"column":35}}]},"9":{"line":32,"type":"if","locations":[{"start":{"line":32,"column":13},"end":{"line":32,"column":13}},{"start":{"line":32,"column":13},"end":{"line":32,"column":13}}]},"10":{"line":32,"type":"binary-expr","locations":[{"start":{"line":32,"column":17},"end":{"line":32,"column":27}},{"start":{"line":32,"column":31},"end":{"line":32,"column":51}}]},"11":{"line":37,"type":"if","locations":[{"start":{"line":37,"column":13},"end":{"line":37,"column":13}},{"start":{"line":37,"column":13},"end":{"line":37,"column":13}}]}},"code":["'use strict';","","const Handlebars = require('handlebars');","","module.exports = function (isAlternative) {","","    if (isAlternative || this.root) {","        return new Handlebars.SafeString('<span>&nbsp;</span>');","    }","","    let type = this.type;","    if (type === 'object'","        || type === 'alternatives'","        || (type === 'array' && this.items)) {","        type = '';","    }","","    if (this.allowedValues) {","        // Used for array and alternatives rendering","        if (!this.name) {","            type = this.allowedValues.join(', ');","        }","","        // with only one `.valid()`, just show that, it's the only possiblity","        else if (this.allowedValues.length === 1","            && this.flags","            && this.flags.allowOnly) {","            type = this.allowedValues[0];","        }","","        // with multiple `.valid()` values, delcare it must be one of those","        else if (this.flags && this.flags.allowOnly) {","            type = `<span class=\"text-danger\">must be one of</span> <span>${this.allowedValues.join(', ')}</span>`;","        }","","        // if there's a single allowedValue and it's not required","        else if (this.allowedValues.length === 1) {","            type += ` (<span class=\"text-danger\">can also be</span> <span>${this.allowedValues[0]}</span>)`;","        }","","        // if there's allowedValues, but they're not required","        else {","            type += ` (<span class=\"text-danger\">can also be one of</span> <span>${this.allowedValues.join(', ')}</span>)`;","        }","    }","","    return new Handlebars.SafeString(`<span class=\"field-type\">${type.trim()}</span>`);","};",""],"l":{"3":1,"5":1,"7":0,"8":0,"11":0,"12":0,"15":0,"18":0,"20":0,"21":0,"25":0,"28":0,"32":0,"33":0,"37":0,"38":0,"43":0,"47":0}}}